PRT1
380
812
4 0 3 (1024 9216 -3287.590332 ) (1024 9216 2975.600342 ) (1024 9981.389648 2975.600342 ) (1024 9981.389648 -3287.590332 ) 
4 0 1 (1422.530029 9216 2975.600342 ) (1024 9216 2975.600342 ) (1024 9216 -3287.590332 ) (1422.530029 9216 -3287.590332 ) 
4 1 6 (1024 8192 -3287.590332 ) (1024 8192 2975.600342 ) (1024 9216 2975.600342 ) (1024 9216 -3287.590332 ) 
4 1 2 (1024 8192 2975.600342 ) (1024 8192 -3287.590332 ) (1422.530029 8192 -3287.590332 ) (1422.530029 8192 2975.600342 ) 
4 2 27 (1422.530029 7168 2975.600342 ) (1024 7168 2975.600342 ) (1024 7168 -3287.590332 ) (1422.530029 7168 -3287.590332 ) 
4 2 7 (1024 7168 -3287.590332 ) (1024 7168 2975.600342 ) (1024 8192 2975.600342 ) (1024 8192 -3287.590332 ) 
4 3 6 (1024 9216 -3287.590332 ) (1024 9216 2975.600342 ) (0 9216 2975.600342 ) (0 9216 -3287.590332 ) 
4 3 4 (0 9216 -3287.590332 ) (0 9216 2975.600342 ) (0 9981.389648 2975.600342 ) (0 9981.389648 -3287.590332 ) 
4 4 8 (0 9216 -3287.590332 ) (0 9216 2975.600342 ) (-1024 9216 2975.600342 ) (-1024 9216 -3287.590332 ) 
4 4 5 (-1024 9981.389648 -3287.590332 ) (-1024 9216 -3287.590332 ) (-1024 9216 2975.600342 ) (-1024 9981.389648 2975.600342 ) 
4 5 12 (-2048 9216 -3287.590332 ) (-2048 9216 2975.600342 ) (-2048 9981.389648 2975.600342 ) (-2048 9981.389648 -3287.590332 ) 
4 5 9 (-1024 9216 -3287.590332 ) (-1024 9216 2975.600342 ) (-2048 9216 2975.600342 ) (-2048 9216 -3287.590332 ) 
4 6 8 (0 9216 2975.600342 ) (0 9216 -3287.590332 ) (0 8192 -3287.590332 ) (0 8192 2975.600342 ) 
4 6 7 (1024 8192 -3287.590332 ) (1024 8192 2975.600342 ) (0 8192 2975.600342 ) (0 8192 -3287.590332 ) 
4 7 30 (1024 7168 -3287.590332 ) (1024 7168 2975.600342 ) (0 7168 2975.600342 ) (0 7168 -3287.590332 ) 
4 7 10 (0 7168 -3287.590332 ) (0 7168 2975.600342 ) (0 8192 2975.600342 ) (0 8192 -3287.590332 ) 
4 8 10 (0 8192 -3287.590332 ) (0 8192 2975.600342 ) (-1024 8192 2975.600342 ) (-1024 8192 -3287.590332 ) 
4 8 9 (-1024 9216 2975.600342 ) (-1024 9216 -3287.590332 ) (-1024 8192 -3287.590332 ) (-1024 8192 2975.600342 ) 
4 9 14 (-2048 8192 -3287.590332 ) (-2048 8192 2975.600342 ) (-2048 9216 2975.600342 ) (-2048 9216 -3287.590332 ) 
4 9 11 (-1024 8192 -3287.590332 ) (-1024 8192 2975.600342 ) (-2048 8192 2975.600342 ) (-2048 8192 -3287.590332 ) 
4 10 31 (0 7168 -3287.590332 ) (0 7168 2975.600342 ) (-1024 7168 2975.600342 ) (-1024 7168 -3287.590332 ) 
4 10 11 (-1024 8192 2975.600342 ) (-1024 8192 -3287.590332 ) (-1024 7168 -3287.590332 ) (-1024 7168 2975.600342 ) 
4 11 32 (-1024 7168 -3287.590332 ) (-1024 7168 2975.600342 ) (-2048 7168 2975.600342 ) (-2048 7168 -3287.590332 ) 
4 11 16 (-2048 7168 -3287.590332 ) (-2048 7168 2975.600342 ) (-2048 8192 2975.600342 ) (-2048 8192 -3287.590332 ) 
4 12 14 (-2048 9216 -3287.590332 ) (-2048 9216 2975.600342 ) (-3072 9216 2975.600342 ) (-3072 9216 -3287.590332 ) 
4 12 13 (-3072 9216 -3287.590332 ) (-3072 9216 2975.600342 ) (-3072 9981.389648 2975.600342 ) (-3072 9981.389648 -3287.590332 ) 
4 13 18 (-4096 9216 -3287.590332 ) (-4096 9216 2975.600342 ) (-4096 9981.389648 2975.600342 ) (-4096 9981.389648 -3287.590332 ) 
4 13 15 (-3072 9216 -3287.590332 ) (-3072 9216 2975.600342 ) (-4096 9216 2975.600342 ) (-4096 9216 -3287.590332 ) 
4 14 16 (-2048 8192 -3287.590332 ) (-2048 8192 2975.600342 ) (-3072 8192 2975.600342 ) (-3072 8192 -3287.590332 ) 
4 14 15 (-3072 8192 -3287.590332 ) (-3072 8192 2975.600342 ) (-3072 9216 2975.600342 ) (-3072 9216 -3287.590332 ) 
4 15 21 (-4096 8192 -3287.590332 ) (-4096 8192 2975.600342 ) (-4096 9216 2975.600342 ) (-4096 9216 -3287.590332 ) 
4 15 17 (-4096 8192 2975.600342 ) (-4096 8192 -3287.590332 ) (-3072 8192 -3287.590332 ) (-3072 8192 2975.600342 ) 
4 16 86 (-2048 7168 -3287.590332 ) (-2048 7168 2975.600342 ) (-3072 7168 2975.600342 ) (-3072 7168 -3287.590332 ) 
4 16 17 (-3072 8192 2975.600342 ) (-3072 8192 -3287.590332 ) (-3072 7168 -3287.590332 ) (-3072 7168 2975.600342 ) 
4 17 87 (-3072 7168 -3287.590332 ) (-3072 7168 2975.600342 ) (-4096 7168 2975.600342 ) (-4096 7168 -3287.590332 ) 
4 17 22 (-4096 7168 -3287.590332 ) (-4096 7168 2975.600342 ) (-4096 8192 2975.600342 ) (-4096 8192 -3287.590332 ) 
4 18 21 (-4096 9216 -3287.590332 ) (-4096 9216 2975.600342 ) (-5120 9216 2975.600342 ) (-5120 9216 -3287.590332 ) 
4 18 19 (-5120 9216 -3287.590332 ) (-5120 9216 2975.600342 ) (-5120 9981.389648 2975.600342 ) (-5120 9981.389648 -3287.590332 ) 
4 19 23 (-5120 9216 -3287.590332 ) (-5120 9216 2975.600342 ) (-6144 9216 2975.600342 ) (-6144 9216 -3287.590332 ) 
4 19 20 (-6144 9981.389648 -3287.590332 ) (-6144 9216 -3287.590332 ) (-6144 9216 2975.600342 ) (-6144 9981.389648 2975.600342 ) 
4 20 116 (-7168 9216 -3287.590332 ) (-7168 9216 2975.600342 ) (-7168 9981.389648 2975.600342 ) (-7168 9981.389648 -3287.590332 ) 
4 20 24 (-6144 9216 -3287.590332 ) (-6144 9216 2975.600342 ) (-7168 9216 2975.600342 ) (-7168 9216 -3287.590332 ) 
4 21 23 (-5120 9216 2975.600342 ) (-5120 9216 -3287.590332 ) (-5120 8192 -3287.590332 ) (-5120 8192 2975.600342 ) 
4 21 22 (-4096 8192 -3287.590332 ) (-4096 8192 2975.600342 ) (-5120 8192 2975.600342 ) (-5120 8192 -3287.590332 ) 
4 22 92 (-4096 7168 -3287.590332 ) (-4096 7168 2975.600342 ) (-5120 7168 2975.600342 ) (-5120 7168 -3287.590332 ) 
4 22 25 (-5120 7168 -3287.590332 ) (-5120 7168 2975.600342 ) (-5120 8192 2975.600342 ) (-5120 8192 -3287.590332 ) 
4 23 25 (-5120 8192 -3287.590332 ) (-5120 8192 2975.600342 ) (-6144 8192 2975.600342 ) (-6144 8192 -3287.590332 ) 
4 23 24 (-6144 9216 2975.600342 ) (-6144 9216 -3287.590332 ) (-6144 8192 -3287.590332 ) (-6144 8192 2975.600342 ) 
4 24 118 (-7168 8192 -3287.590332 ) (-7168 8192 2975.600342 ) (-7168 9216 2975.600342 ) (-7168 9216 -3287.590332 ) 
4 24 26 (-6144 8192 -3287.590332 ) (-6144 8192 2975.600342 ) (-7168 8192 2975.600342 ) (-7168 8192 -3287.590332 ) 
4 25 93 (-5120 7168 -3287.590332 ) (-5120 7168 2975.600342 ) (-6144 7168 2975.600342 ) (-6144 7168 -3287.590332 ) 
4 25 26 (-6144 8192 2975.600342 ) (-6144 8192 -3287.590332 ) (-6144 7168 -3287.590332 ) (-6144 7168 2975.600342 ) 
4 26 120 (-7168 7168 -3287.590332 ) (-7168 7168 2975.600342 ) (-7168 8192 2975.600342 ) (-7168 8192 -3287.590332 ) 
4 26 94 (-6144 7168 -3287.590332 ) (-6144 7168 2975.600342 ) (-7168 7168 2975.600342 ) (-7168 7168 -3287.590332 ) 
4 27 30 (1024 7168 2975.600342 ) (1024 7168 -3287.590332 ) (1024 6144 -3287.590332 ) (1024 6144 2975.600342 ) 
4 27 28 (1422.530029 6144 2975.600342 ) (1024 6144 2975.600342 ) (1024 6144 -3287.590332 ) (1422.530029 6144 -3287.590332 ) 
4 28 33 (1024 5120 -3287.590332 ) (1024 5120 2975.600342 ) (1024 6144 2975.600342 ) (1024 6144 -3287.590332 ) 
4 28 29 (1024 5120 2975.600342 ) (1024 5120 -3287.590332 ) (1422.530029 5120 -3287.590332 ) (1422.530029 5120 2975.600342 ) 
4 29 39 (1422.530029 4096 2975.600342 ) (1024 4096 2975.600342 ) (1024 4096 -3287.590332 ) (1422.530029 4096 -3287.590332 ) 
4 29 34 (1024 4096 -3287.590332 ) (1024 4096 2975.600342 ) (1024 5120 2975.600342 ) (1024 5120 -3287.590332 ) 
4 30 33 (1024 6144 -3287.590332 ) (1024 6144 2975.600342 ) (0 6144 2975.600342 ) (0 6144 -3287.590332 ) 
4 30 31 (0 7168 2975.600342 ) (0 7168 -3287.590332 ) (0 6144 -3287.590332 ) (0 6144 2975.600342 ) 
4 31 35 (0 6144 -3287.590332 ) (0 6144 2975.600342 ) (-1024 6144 2975.600342 ) (-1024 6144 -3287.590332 ) 
4 31 32 (-1024 6144 -3287.590332 ) (-1024 6144 2975.600342 ) (-1024 7168 2975.600342 ) (-1024 7168 -3287.590332 ) 
4 32 86 (-2048 7168 2975.600342 ) (-2048 7168 -3287.590332 ) (-2048 6144 -3287.590332 ) (-2048 6144 2975.600342 ) 
4 32 36 (-1024 6144 -3287.590332 ) (-1024 6144 2975.600342 ) (-2048 6144 2975.600342 ) (-2048 6144 -3287.590332 ) 
4 33 35 (0 6144 2975.600342 ) (0 6144 -3287.590332 ) (0 5120 -3287.590332 ) (0 5120 2975.600342 ) 
4 33 34 (1024 5120 -3287.590332 ) (1024 5120 2975.600342 ) (0 5120 2975.600342 ) (0 5120 -3287.590332 ) 
4 34 42 (1024 4096 -3287.590332 ) (1024 4096 2975.600342 ) (0 4096 2975.600342 ) (0 4096 -3287.590332 ) 
4 34 37 (0 4096 -3287.590332 ) (0 4096 2975.600342 ) (0 5120 2975.600342 ) (0 5120 -3287.590332 ) 
4 35 37 (0 5120 -3287.590332 ) (0 5120 2975.600342 ) (-1024 5120 2975.600342 ) (-1024 5120 -3287.590332 ) 
4 35 36 (-1024 6144 2975.600342 ) (-1024 6144 -3287.590332 ) (-1024 5120 -3287.590332 ) (-1024 5120 2975.600342 ) 
4 36 88 (-2048 5120 -3287.590332 ) (-2048 5120 2975.600342 ) (-2048 6144 2975.600342 ) (-2048 6144 -3287.590332 ) 
4 36 38 (-1024 5120 -3287.590332 ) (-1024 5120 2975.600342 ) (-2048 5120 2975.600342 ) (-2048 5120 -3287.590332 ) 
4 37 43 (0 4096 -3287.590332 ) (0 4096 2975.600342 ) (-1024 4096 2975.600342 ) (-1024 4096 -3287.590332 ) 
4 37 38 (-1024 5120 2975.600342 ) (-1024 5120 -3287.590332 ) (-1024 4096 -3287.590332 ) (-1024 4096 2975.600342 ) 
4 38 90 (-2048 4096 -3287.590332 ) (-2048 4096 2975.600342 ) (-2048 5120 2975.600342 ) (-2048 5120 -3287.590332 ) 
4 38 44 (-1024 4096 -3287.590332 ) (-1024 4096 2975.600342 ) (-2048 4096 2975.600342 ) (-2048 4096 -3287.590332 ) 
4 39 42 (1024 4096 2975.600342 ) (1024 4096 -3287.590332 ) (1024 3072 -3287.590332 ) (1024 3072 2975.600342 ) 
4 39 40 (1422.530029 3072 2975.600342 ) (1024 3072 2975.600342 ) (1024 3072 -3287.590332 ) (1422.530029 3072 -3287.590332 ) 
4 40 45 (1024 2048 -3287.590332 ) (1024 2048 2975.600342 ) (1024 3072 2975.600342 ) (1024 3072 -3287.590332 ) 
4 40 41 (1024 2048 2975.600342 ) (1024 2048 -3287.590332 ) (1422.530029 2048 -3287.590332 ) (1422.530029 2048 2975.600342 ) 
4 41 197 (1422.530029 1024 2975.600342 ) (1024 1024 2975.600342 ) (1024 1024 -3287.590332 ) (1422.530029 1024 -3287.590332 ) 
4 41 47 (1024 1024 -3287.590332 ) (1024 1024 48 ) (1024 2048 48 ) (1024 2048 -3287.590332 ) 
4 41 46 (1024 1024 48 ) (1024 1024 2975.600342 ) (1024 2048 2975.600342 ) (1024 2048 48 ) 
4 42 45 (1024 3072 -3287.590332 ) (1024 3072 2975.600342 ) (0 3072 2975.600342 ) (0 3072 -3287.590332 ) 
4 42 43 (0 4096 2975.600342 ) (0 4096 -3287.590332 ) (0 3072 -3287.590332 ) (0 3072 2975.600342 ) 
4 43 56 (0 3072 -3287.590332 ) (0 3072 -32 ) (-1024 3072 -32 ) (-1024 3072 -3287.590332 ) 
4 43 53 (-32 3072 2975.600342 ) (-120 3072 2975.600342 ) (-120 3072 -32 ) (-32 3072 -32 ) 
4 43 52 (0 3072 -32 ) (0 3072 2975.600342 ) (-32 3072 2975.600342 ) (-32 3072 -32 ) 
4 43 55 (-120 3072 2975.600342 ) (-1024 3072 2975.600342 ) (-1024 3072 -32 ) (-120 3072 -32 ) 
4 43 44 (-1024 3072 -3287.590332 ) (-1024 3072 2975.600342 ) (-1024 4096 2975.600342 ) (-1024 4096 -3287.590332 ) 
4 44 101 (-2048 3072 -3287.590332 ) (-2048 3072 2975.600342 ) (-2048 4096 2975.600342 ) (-2048 4096 -3287.590332 ) 
4 44 57 (-1024 3072 -3287.590332 ) (-1024 3072 2975.600342 ) (-2048 3072 2975.600342 ) (-2048 3072 -3287.590332 ) 
4 45 56 (0 3072 -32 ) (0 3072 -3287.590332 ) (0 2048 -3287.590332 ) (0 2048 -32 ) 
4 45 52 (0 3072 2975.600342 ) (0 3072 -32 ) (0 2048 -32 ) (0 2048 2975.600342 ) 
4 45 48 (16 2048 48 ) (0 2048 48 ) (0 2048 -3287.590332 ) (16 2048 -3287.590332 ) 
4 45 47 (1024 2048 -3287.590332 ) (1024 2048 48 ) (16 2048 48 ) (16 2048 -3287.590332 ) 
4 45 46 (1024 2048 48 ) (1024 2048 2975.600342 ) (0 2048 2975.600342 ) (0 2048 48 ) 
4 46 200 (1024 1024 48 ) (1024 1024 2975.600342 ) (0 1024 2975.600342 ) (0 1024 48 ) 
4 46 67 (0 1024 48 ) (0 1024 72 ) (0 2048 72 ) (0 2048 48 ) 
4 46 63 (0 1024 72 ) (0 1024 240 ) (0 2048 240 ) (0 2048 72 ) 
4 46 58 (0 1024 240 ) (0 1024 2975.600342 ) (0 2048 2975.600342 ) (0 2048 240 ) 
4 46 49 (0 1536 48 ) (0 1984 48 ) (16 1984 48 ) (16 1536 48 ) 
4 46 48 (0 1984 48 ) (0 2048 48 ) (16 2048 48 ) (16 1984 48 ) 
4 46 51 (16 1024 48 ) (0 1024 48 ) (0 1536 48 ) (16 1536 48 ) 
4 46 47 (1024 1024 48 ) (16 1024 48 ) (16 2048 48 ) (1024 2048 48 ) 
4 47 200 (1024 1024 -3287.590332 ) (1024 1024 48 ) (16 1024 48 ) (16 1024 -3287.590332 ) 
4 47 50 (16 1984 -3287.590332 ) (16 1536 -3287.590332 ) (16 1536 -32 ) (16 1984 -32 ) 
4 47 49 (16 1536 -32 ) (16 1536 48 ) (16 1984 48 ) (16 1984 -32 ) 
4 47 48 (16 2048 -3287.590332 ) (16 1984 -3287.590332 ) (16 1984 48 ) (16 2048 48 ) 
4 47 51 (16 1536 -3287.590332 ) (16 1024 -3287.590332 ) (16 1024 48 ) (16 1536 48 ) 
4 48 84 (0 2048 -32 ) (0 2048 -3287.590332 ) (0 1984 -3287.590332 ) (0 1984 -32 ) 
4 48 76 (0 1984 48 ) (0 2032 48 ) (0 2032 -32 ) (0 1984 -32 ) 
4 48 74 (0 2032 48 ) (0 2048 48 ) (0 2048 -32 ) (0 2032 -32 ) 
4 48 50 (0 1984 -3287.590332 ) (16 1984 -3287.590332 ) (16 1984 -32 ) (0 1984 -32 ) 
4 48 49 (16 1984 -32 ) (16 1984 48 ) (0 1984 48 ) (0 1984 -32 ) 
4 49 77 (0 1536 48 ) (0 1984 48 ) (0 1984 -32 ) (0 1536 -32 ) 
4 49 51 (16 1536 -32 ) (16 1536 48 ) (0 1536 48 ) (0 1536 -32 ) 
4 49 50 (16 1536 -32 ) (0 1536 -32 ) (0 1984 -32 ) (16 1984 -32 ) 
4 50 84 (0 1984 -32 ) (0 1984 -3287.590332 ) (0 1536 -3287.590332 ) (0 1536 -32 ) 
4 50 51 (0 1536 -3287.590332 ) (16 1536 -3287.590332 ) (16 1536 -32 ) (0 1536 -32 ) 
4 51 200 (16 1024 48 ) (0 1024 48 ) (0 1024 -3287.590332 ) (16 1024 -3287.590332 ) 
4 51 84 (0 1024 -3287.590332 ) (0 1024 -32 ) (0 1536 -32 ) (0 1536 -3287.590332 ) 
4 51 78 (0 1024 -32 ) (0 1024 48 ) (0 1536 48 ) (0 1536 -32 ) 
4 52 74 (0 2048 -32 ) (0 2048 48 ) (-32 2048 48 ) (-32 2048 -32 ) 
4 52 67 (0 2048 48 ) (0 2048 72 ) (-32 2048 72 ) (-32 2048 48 ) 
4 52 63 (0 2048 72 ) (0 2048 240 ) (-32 2048 240 ) (-32 2048 72 ) 
4 52 58 (0 2048 240 ) (0 2048 2975.600342 ) (-32 2048 2975.600342 ) (-32 2048 240 ) 
4 52 56 (-32 3072 -32 ) (0 3072 -32 ) (0 2048 -32 ) (-32 2048 -32 ) 
4 52 54 (-32 2048 96 ) (-32 2048 2975.600342 ) (-32 2120 2975.600342 ) (-32 2120 96 ) 
4 52 53 (-32 3072 -32 ) (-32 2120 -32 ) (-32 2120 2975.600342 ) (-32 3072 2975.600342 ) 
4 53 56 (-120 3072 -32 ) (-32 3072 -32 ) (-32 2120 -32 ) (-120 2120 -32 ) 
4 53 54 (-120 2120 2975.600342 ) (-120 2120 96 ) (-32 2120 96 ) (-32 2120 2975.600342 ) 
4 53 55 (-120 3072 -32 ) (-120 2120 -32 ) (-120 2120 2975.600342 ) (-120 3072 2975.600342 ) 
4 54 64 (-120 2048 240 ) (-120 2048 96 ) (-32 2048 96 ) (-32 2048 240 ) 
4 54 58 (-32 2048 2975.600342 ) (-120 2048 2975.600342 ) (-120 2048 240 ) (-32 2048 240 ) 
4 54 55 (-120 2048 96 ) (-120 2048 2975.600342 ) (-120 2120 2975.600342 ) (-120 2120 96 ) 
4 55 80 (-848 2048 -32 ) (-784 2048 -32 ) (-784 2048 48 ) (-848 2048 48 ) 
4 55 79 (-784 2048 -32 ) (-344 2048 -32 ) (-344 2048 48 ) (-784 2048 48 ) 
4 55 83 (-1024 2048 48 ) (-1024 2048 -32 ) (-848 2048 -32 ) (-848 2048 48 ) 
4 55 75 (-344 2048 -32 ) (-120 2048 -32 ) (-120 2048 48 ) (-344 2048 48 ) 
4 55 70 (-848 2048 48 ) (-784 2048 48 ) (-784 2048 72 ) (-848 2048 72 ) 
4 55 73 (-1024 2048 72 ) (-1024 2048 48 ) (-848 2048 48 ) (-848 2048 72 ) 
4 55 69 (-784 2048 48 ) (-120 2048 48 ) (-120 2048 72 ) (-784 2048 72 ) 
4 55 66 (-1024 2048 240 ) (-1024 2048 72 ) (-120 2048 72 ) (-120 2048 240 ) 
4 55 59 (-456 2048 2975.600342 ) (-760 2048 2975.600342 ) (-760 2048 240 ) (-456 2048 240 ) 
4 55 58 (-120 2048 2975.600342 ) (-456 2048 2975.600342 ) (-456 2048 240 ) (-120 2048 240 ) 
4 55 62 (-760 2048 2975.600342 ) (-1024 2048 2975.600342 ) (-1024 2048 240 ) (-760 2048 240 ) 
4 55 57 (-1024 3072 2975.600342 ) (-1024 3072 -32 ) (-1024 2048 -32 ) (-1024 2048 2975.600342 ) 
4 55 56 (-1024 2048 -32 ) (-1024 3072 -32 ) (-120 3072 -32 ) (-120 2048 -32 ) 
4 56 84 (0 2048 -3287.590332 ) (0 2048 -32 ) (-1024 2048 -32 ) (-1024 2048 -3287.590332 ) 
4 56 57 (-1024 3072 -32 ) (-1024 3072 -3287.590332 ) (-1024 2048 -3287.590332 ) (-1024 2048 -32 ) 
4 57 103 (-2048 2048 -3287.590332 ) (-2048 2048 2975.600342 ) (-2048 3072 2975.600342 ) (-2048 3072 -3287.590332 ) 
4 57 85 (-1024 2048 -3287.590332 ) (-1024 2048 2975.600342 ) (-2048 2048 2975.600342 ) (-2048 2048 -3287.590332 ) 
4 58 201 (0 1024 240 ) (0 1024 2975.600342 ) (-456 1024 2975.600342 ) (-456 1024 240 ) 
4 58 64 (-120 2048 240 ) (-32 2048 240 ) (-32 2032 240 ) (-120 2032 240 ) 
4 58 65 (-32 2032 240 ) (-32 1024 240 ) (-120 1024 240 ) (-120 2032 240 ) 
4 58 63 (-32 2048 240 ) (0 2048 240 ) (0 1024 240 ) (-32 1024 240 ) 
4 58 66 (-456 2048 240 ) (-120 2048 240 ) (-120 1024 240 ) (-456 1024 240 ) 
4 58 60 (-456 1728 248 ) (-456 1728 2975.600342 ) (-456 1808 2975.600342 ) (-456 1808 248 ) 
4 58 59 (-456 2048 240 ) (-456 1808 240 ) (-456 1808 2975.600342 ) (-456 2048 2975.600342 ) 
4 58 61 (-456 1728 240 ) (-456 1024 240 ) (-456 1024 2975.600342 ) (-456 1728 2975.600342 ) 
4 59 66 (-760 2048 240 ) (-456 2048 240 ) (-456 1808 240 ) (-760 1808 240 ) 
4 59 60 (-760 1808 2975.600342 ) (-760 1808 248 ) (-456 1808 248 ) (-456 1808 2975.600342 ) 
4 59 62 (-760 2048 240 ) (-760 1808 240 ) (-760 1808 2975.600342 ) (-760 2048 2975.600342 ) 
4 60 62 (-760 1728 248 ) (-760 1728 2975.600342 ) (-760 1808 2975.600342 ) (-760 1808 248 ) 
4 60 61 (-760 1728 2975.600342 ) (-760 1728 248 ) (-456 1728 248 ) (-456 1728 2975.600342 ) 
4 61 201 (-456 1024 2975.600342 ) (-760 1024 2975.600342 ) (-760 1024 240 ) (-456 1024 240 ) 
4 61 66 (-456 1728 240 ) (-456 1024 240 ) (-760 1024 240 ) (-760 1728 240 ) 
4 61 62 (-760 1728 240 ) (-760 1024 240 ) (-760 1024 2975.600342 ) (-760 1728 2975.600342 ) 
4 62 201 (-760 1024 2975.600342 ) (-1024 1024 2975.600342 ) (-1024 1024 240 ) (-760 1024 240 ) 
4 62 85 (-1024 2048 2975.600342 ) (-1024 2048 240 ) (-1024 1024 240 ) (-1024 1024 2975.600342 ) 
4 62 66 (-1024 2048 240 ) (-760 2048 240 ) (-760 1024 240 ) (-1024 1024 240 ) 
4 63 201 (0 1024 72 ) (0 1024 240 ) (-32 1024 240 ) (-32 1024 72 ) 
4 63 67 (0 1024 72 ) (-32 1024 72 ) (-32 2048 72 ) (0 2048 72 ) 
4 63 64 (-32 2032 96 ) (-32 2032 240 ) (-32 2048 240 ) (-32 2048 96 ) 
4 63 65 (-32 2032 72 ) (-32 1024 72 ) (-32 1024 240 ) (-32 2032 240 ) 
4 64 65 (-120 2032 240 ) (-120 2032 96 ) (-32 2032 96 ) (-32 2032 240 ) 
4 64 66 (-120 2032 96 ) (-120 2032 240 ) (-120 2048 240 ) (-120 2048 96 ) 
4 65 201 (-32 1024 240 ) (-120 1024 240 ) (-120 1024 72 ) (-32 1024 72 ) 
4 65 68 (-32 1024 72 ) (-120 1024 72 ) (-120 2032 72 ) (-32 2032 72 ) 
4 65 66 (-120 2032 72 ) (-120 1024 72 ) (-120 1024 240 ) (-120 2032 240 ) 
4 66 201 (-120 1024 240 ) (-1024 1024 240 ) (-1024 1024 72 ) (-120 1024 72 ) 
4 66 85 (-1024 2048 240 ) (-1024 2048 72 ) (-1024 1024 72 ) (-1024 1024 240 ) 
4 66 71 (-848 1736 72 ) (-848 1800 72 ) (-784 1800 72 ) (-784 1736 72 ) 
4 66 70 (-848 1800 72 ) (-848 2048 72 ) (-784 2048 72 ) (-784 1800 72 ) 
4 66 72 (-784 1024 72 ) (-848 1024 72 ) (-848 1736 72 ) (-784 1736 72 ) 
4 66 73 (-848 1024 72 ) (-1024 1024 72 ) (-1024 2048 72 ) (-848 2048 72 ) 
4 66 69 (-120 1024 72 ) (-784 1024 72 ) (-784 2048 72 ) (-120 2048 72 ) 
4 67 201 (0 1024 48 ) (0 1024 72 ) (-32 1024 72 ) (-32 1024 48 ) 
4 67 77 (0 1984 48 ) (0 1536 48 ) (-32 1536 48 ) (-32 1984 48 ) 
4 67 76 (0 2032 48 ) (0 1984 48 ) (-32 1984 48 ) (-32 2032 48 ) 
4 67 78 (0 1536 48 ) (0 1024 48 ) (-32 1024 48 ) (-32 1536 48 ) 
4 67 74 (-32 2048 48 ) (0 2048 48 ) (0 2032 48 ) (-32 2032 48 ) 
4 67 68 (-32 2032 48 ) (-32 1024 48 ) (-32 1024 72 ) (-32 2032 72 ) 
4 68 201 (-32 1024 72 ) (-120 1024 72 ) (-120 1024 48 ) (-32 1024 48 ) 
4 68 77 (-32 1984 48 ) (-32 1536 48 ) (-120 1536 48 ) (-120 1984 48 ) 
4 68 76 (-32 2032 48 ) (-32 1984 48 ) (-120 1984 48 ) (-120 2032 48 ) 
4 68 78 (-32 1536 48 ) (-32 1024 48 ) (-120 1024 48 ) (-120 1536 48 ) 
4 68 69 (-120 2032 48 ) (-120 1024 48 ) (-120 1024 72 ) (-120 2032 72 ) 
4 69 201 (-120 1024 72 ) (-784 1024 72 ) (-784 1024 48 ) (-120 1024 48 ) 
4 69 79 (-784 2048 48 ) (-344 2048 48 ) (-344 1024 48 ) (-784 1024 48 ) 
4 69 77 (-120 1984 48 ) (-120 1536 48 ) (-344 1536 48 ) (-344 1984 48 ) 
4 69 76 (-120 2032 48 ) (-120 1984 48 ) (-344 1984 48 ) (-344 2032 48 ) 
4 69 78 (-120 1536 48 ) (-120 1024 48 ) (-344 1024 48 ) (-344 1536 48 ) 
4 69 75 (-344 2048 48 ) (-120 2048 48 ) (-120 2032 48 ) (-344 2032 48 ) 
4 69 71 (-784 1800 48 ) (-784 1736 48 ) (-784 1736 72 ) (-784 1800 72 ) 
4 69 70 (-784 2048 48 ) (-784 1800 48 ) (-784 1800 72 ) (-784 2048 72 ) 
4 69 72 (-784 1736 48 ) (-784 1024 48 ) (-784 1024 72 ) (-784 1736 72 ) 
4 70 80 (-848 2048 48 ) (-784 2048 48 ) (-784 1800 48 ) (-848 1800 48 ) 
4 70 73 (-848 2048 48 ) (-848 1800 48 ) (-848 1800 72 ) (-848 2048 72 ) 
4 70 71 (-848 1800 72 ) (-848 1800 48 ) (-784 1800 48 ) (-784 1800 72 ) 
4 71 81 (-784 1800 48 ) (-784 1736 48 ) (-848 1736 48 ) (-848 1800 48 ) 
4 71 72 (-848 1736 72 ) (-848 1736 48 ) (-784 1736 48 ) (-784 1736 72 ) 
4 71 73 (-848 1800 48 ) (-848 1736 48 ) (-848 1736 72 ) (-848 1800 72 ) 
4 72 201 (-784 1024 72 ) (-848 1024 72 ) (-848 1024 48 ) (-784 1024 48 ) 
4 72 82 (-784 1736 48 ) (-784 1024 48 ) (-848 1024 48 ) (-848 1736 48 ) 
4 72 73 (-848 1736 48 ) (-848 1024 48 ) (-848 1024 72 ) (-848 1736 72 ) 
4 73 201 (-848 1024 72 ) (-1024 1024 72 ) (-1024 1024 48 ) (-848 1024 48 ) 
4 73 85 (-1024 2048 72 ) (-1024 2048 48 ) (-1024 1024 48 ) (-1024 1024 72 ) 
4 73 83 (-1024 2048 48 ) (-848 2048 48 ) (-848 1024 48 ) (-1024 1024 48 ) 
4 74 84 (-32 2048 -32 ) (0 2048 -32 ) (0 2032 -32 ) (-32 2032 -32 ) 
4 74 76 (-32 2032 -32 ) (0 2032 -32 ) (0 2032 48 ) (-32 2032 48 ) 
4 75 84 (-344 2032 -32 ) (-344 2048 -32 ) (-120 2048 -32 ) (-120 2032 -32 ) 
4 75 79 (-344 2048 -32 ) (-344 2032 -32 ) (-344 2032 48 ) (-344 2048 48 ) 
4 75 76 (-344 2032 48 ) (-344 2032 -32 ) (-120 2032 -32 ) (-120 2032 48 ) 
4 76 84 (-344 1984 -32 ) (-344 2032 -32 ) (0 2032 -32 ) (0 1984 -32 ) 
4 76 79 (-344 2032 -32 ) (-344 1984 -32 ) (-344 1984 48 ) (-344 2032 48 ) 
4 76 77 (-344 1984 48 ) (-344 1984 -32 ) (0 1984 -32 ) (0 1984 48 ) 
4 77 84 (-344 1536 -32 ) (-344 1984 -32 ) (0 1984 -32 ) (0 1536 -32 ) 
4 77 79 (-344 1984 -32 ) (-344 1536 -32 ) (-344 1536 48 ) (-344 1984 48 ) 
4 77 78 (-344 1536 48 ) (-344 1536 -32 ) (0 1536 -32 ) (0 1536 48 ) 
4 78 201 (0 1024 -32 ) (0 1024 48 ) (-344 1024 48 ) (-344 1024 -32 ) 
4 78 84 (0 1024 -32 ) (-344 1024 -32 ) (-344 1536 -32 ) (0 1536 -32 ) 
4 78 79 (-344 1536 -32 ) (-344 1024 -32 ) (-344 1024 48 ) (-344 1536 48 ) 
4 79 201 (-344 1024 48 ) (-784 1024 48 ) (-784 1024 -32 ) (-344 1024 -32 ) 
4 79 84 (-344 1024 -32 ) (-784 1024 -32 ) (-784 2048 -32 ) (-344 2048 -32 ) 
4 79 81 (-784 1800 -32 ) (-784 1736 -32 ) (-784 1736 48 ) (-784 1800 48 ) 
4 79 80 (-784 2048 -32 ) (-784 1800 -32 ) (-784 1800 48 ) (-784 2048 48 ) 
4 79 82 (-784 1736 -32 ) (-784 1024 -32 ) (-784 1024 48 ) (-784 1736 48 ) 
4 80 84 (-848 1800 -32 ) (-848 2048 -32 ) (-784 2048 -32 ) (-784 1800 -32 ) 
4 80 83 (-848 2048 -32 ) (-848 1800 -32 ) (-848 1800 48 ) (-848 2048 48 ) 
4 80 81 (-848 1800 48 ) (-848 1800 -32 ) (-784 1800 -32 ) (-784 1800 48 ) 
4 81 84 (-848 1736 -32 ) (-848 1800 -32 ) (-784 1800 -32 ) (-784 1736 -32 ) 
4 81 82 (-848 1736 48 ) (-848 1736 -32 ) (-784 1736 -32 ) (-784 1736 48 ) 
4 81 83 (-848 1800 -32 ) (-848 1736 -32 ) (-848 1736 48 ) (-848 1800 48 ) 
4 82 201 (-784 1024 48 ) (-848 1024 48 ) (-848 1024 -32 ) (-784 1024 -32 ) 
4 82 84 (-784 1024 -32 ) (-848 1024 -32 ) (-848 1736 -32 ) (-784 1736 -32 ) 
4 82 83 (-848 1736 -32 ) (-848 1024 -32 ) (-848 1024 48 ) (-848 1736 48 ) 
4 83 201 (-848 1024 48 ) (-1024 1024 48 ) (-1024 1024 -32 ) (-848 1024 -32 ) 
4 83 85 (-1024 2048 48 ) (-1024 2048 -32 ) (-1024 1024 -32 ) (-1024 1024 48 ) 
4 83 84 (-848 1024 -32 ) (-1024 1024 -32 ) (-1024 2048 -32 ) (-848 2048 -32 ) 
4 84 201 (0 1024 -3287.590332 ) (0 1024 -32 ) (-1024 1024 -32 ) (-1024 1024 -3287.590332 ) 
4 84 85 (-1024 2048 -32 ) (-1024 2048 -3287.590332 ) (-1024 1024 -3287.590332 ) (-1024 1024 -32 ) 
4 85 202 (-1024 1024 -3287.590332 ) (-1024 1024 2975.600342 ) (-2048 1024 2975.600342 ) (-2048 1024 -3287.590332 ) 
4 85 105 (-2048 1024 -3287.590332 ) (-2048 1024 2975.600342 ) (-2048 2048 2975.600342 ) (-2048 2048 -3287.590332 ) 
4 86 88 (-2048 6144 -3287.590332 ) (-2048 6144 2975.600342 ) (-3072 6144 2975.600342 ) (-3072 6144 -3287.590332 ) 
4 86 87 (-3072 7168 2975.600342 ) (-3072 7168 -3287.590332 ) (-3072 6144 -3287.590332 ) (-3072 6144 2975.600342 ) 
4 87 92 (-4096 7168 2975.600342 ) (-4096 7168 -3287.590332 ) (-4096 6144 -3287.590332 ) (-4096 6144 2975.600342 ) 
4 87 89 (-3072 6144 -3287.590332 ) (-3072 6144 2975.600342 ) (-4096 6144 2975.600342 ) (-4096 6144 -3287.590332 ) 
4 88 90 (-2048 5120 -3287.590332 ) (-2048 5120 2975.600342 ) (-3072 5120 2975.600342 ) (-3072 5120 -3287.590332 ) 
4 88 89 (-3072 5120 -3287.590332 ) (-3072 5120 2975.600342 ) (-3072 6144 2975.600342 ) (-3072 6144 -3287.590332 ) 
4 89 95 (-4096 5120 -3287.590332 ) (-4096 5120 2975.600342 ) (-4096 6144 2975.600342 ) (-4096 6144 -3287.590332 ) 
4 89 91 (-4096 5120 2975.600342 ) (-4096 5120 -3287.590332 ) (-3072 5120 -3287.590332 ) (-3072 5120 2975.600342 ) 
4 90 101 (-2048 4096 -3287.590332 ) (-2048 4096 2975.600342 ) (-3072 4096 2975.600342 ) (-3072 4096 -3287.590332 ) 
4 90 91 (-3072 5120 2975.600342 ) (-3072 5120 -3287.590332 ) (-3072 4096 -3287.590332 ) (-3072 4096 2975.600342 ) 
4 91 102 (-3072 4096 -3287.590332 ) (-3072 4096 2975.600342 ) (-4096 4096 2975.600342 ) (-4096 4096 -3287.590332 ) 
4 91 96 (-4096 4096 -3287.590332 ) (-4096 4096 2975.600342 ) (-4096 5120 2975.600342 ) (-4096 5120 -3287.590332 ) 
4 92 95 (-4096 6144 -3287.590332 ) (-4096 6144 2975.600342 ) (-5120 6144 2975.600342 ) (-5120 6144 -3287.590332 ) 
4 92 93 (-5120 7168 2975.600342 ) (-5120 7168 -3287.590332 ) (-5120 6144 -3287.590332 ) (-5120 6144 2975.600342 ) 
4 93 97 (-5120 6144 -3287.590332 ) (-5120 6144 2975.600342 ) (-6144 6144 2975.600342 ) (-6144 6144 -3287.590332 ) 
4 93 94 (-6144 6144 -3287.590332 ) (-6144 6144 2975.600342 ) (-6144 7168 2975.600342 ) (-6144 7168 -3287.590332 ) 
4 94 143 (-7168 6144 -3287.590332 ) (-7168 6144 2975.600342 ) (-7168 7168 2975.600342 ) (-7168 7168 -3287.590332 ) 
4 94 98 (-6144 6144 -3287.590332 ) (-6144 6144 2975.600342 ) (-7168 6144 2975.600342 ) (-7168 6144 -3287.590332 ) 
4 95 97 (-5120 6144 2975.600342 ) (-5120 6144 -3287.590332 ) (-5120 5120 -3287.590332 ) (-5120 5120 2975.600342 ) 
4 95 96 (-4096 5120 -3287.590332 ) (-4096 5120 2975.600342 ) (-5120 5120 2975.600342 ) (-5120 5120 -3287.590332 ) 
4 96 107 (-4096 4096 -3287.590332 ) (-4096 4096 2975.600342 ) (-5120 4096 2975.600342 ) (-5120 4096 -3287.590332 ) 
4 96 99 (-5120 4096 -3287.590332 ) (-5120 4096 2975.600342 ) (-5120 5120 2975.600342 ) (-5120 5120 -3287.590332 ) 
4 97 99 (-5120 5120 -3287.590332 ) (-5120 5120 2975.600342 ) (-6144 5120 2975.600342 ) (-6144 5120 -3287.590332 ) 
4 97 98 (-6144 6144 2975.600342 ) (-6144 6144 -3287.590332 ) (-6144 5120 -3287.590332 ) (-6144 5120 2975.600342 ) 
4 98 145 (-7168 5120 -3287.590332 ) (-7168 5120 2975.600342 ) (-7168 6144 2975.600342 ) (-7168 6144 -3287.590332 ) 
4 98 100 (-6144 5120 -3287.590332 ) (-6144 5120 2975.600342 ) (-7168 5120 2975.600342 ) (-7168 5120 -3287.590332 ) 
4 99 108 (-5120 4096 -3287.590332 ) (-5120 4096 2975.600342 ) (-6144 4096 2975.600342 ) (-6144 4096 -3287.590332 ) 
4 99 100 (-6144 5120 2975.600342 ) (-6144 5120 -3287.590332 ) (-6144 4096 -3287.590332 ) (-6144 4096 2975.600342 ) 
4 100 147 (-7168 4096 -3287.590332 ) (-7168 4096 2975.600342 ) (-7168 5120 2975.600342 ) (-7168 5120 -3287.590332 ) 
4 100 109 (-6144 4096 -3287.590332 ) (-6144 4096 2975.600342 ) (-7168 4096 2975.600342 ) (-7168 4096 -3287.590332 ) 
4 101 103 (-2048 3072 -3287.590332 ) (-2048 3072 2975.600342 ) (-3072 3072 2975.600342 ) (-3072 3072 -3287.590332 ) 
4 101 102 (-3072 4096 2975.600342 ) (-3072 4096 -3287.590332 ) (-3072 3072 -3287.590332 ) (-3072 3072 2975.600342 ) 
4 102 107 (-4096 4096 2975.600342 ) (-4096 4096 -3287.590332 ) (-4096 3072 -3287.590332 ) (-4096 3072 2975.600342 ) 
4 102 104 (-3072 3072 -3287.590332 ) (-3072 3072 2975.600342 ) (-4096 3072 2975.600342 ) (-4096 3072 -3287.590332 ) 
4 103 105 (-2048 2048 -3287.590332 ) (-2048 2048 2975.600342 ) (-3072 2048 2975.600342 ) (-3072 2048 -3287.590332 ) 
4 103 104 (-3072 2048 -3287.590332 ) (-3072 2048 2975.600342 ) (-3072 3072 2975.600342 ) (-3072 3072 -3287.590332 ) 
4 104 110 (-4096 2048 -3287.590332 ) (-4096 2048 2975.600342 ) (-4096 3072 2975.600342 ) (-4096 3072 -3287.590332 ) 
4 104 106 (-4096 2048 2975.600342 ) (-4096 2048 -3287.590332 ) (-3072 2048 -3287.590332 ) (-3072 2048 2975.600342 ) 
4 105 221 (-2048 1024 -3287.590332 ) (-2048 1024 2975.600342 ) (-3072 1024 2975.600342 ) (-3072 1024 -3287.590332 ) 
4 105 106 (-3072 2048 2975.600342 ) (-3072 2048 -3287.590332 ) (-3072 1024 -3287.590332 ) (-3072 1024 2975.600342 ) 
4 106 222 (-3072 1024 -3287.590332 ) (-3072 1024 2975.600342 ) (-4096 1024 2975.600342 ) (-4096 1024 -3287.590332 ) 
4 106 111 (-4096 1024 -3287.590332 ) (-4096 1024 2975.600342 ) (-4096 2048 2975.600342 ) (-4096 2048 -3287.590332 ) 
4 107 110 (-4096 3072 -3287.590332 ) (-4096 3072 2975.600342 ) (-5120 3072 2975.600342 ) (-5120 3072 -3287.590332 ) 
4 107 108 (-5120 4096 2975.600342 ) (-5120 4096 -3287.590332 ) (-5120 3072 -3287.590332 ) (-5120 3072 2975.600342 ) 
4 108 112 (-5120 3072 -3287.590332 ) (-5120 3072 2975.600342 ) (-6144 3072 2975.600342 ) (-6144 3072 -3287.590332 ) 
4 108 109 (-6144 3072 -3287.590332 ) (-6144 3072 2975.600342 ) (-6144 4096 2975.600342 ) (-6144 4096 -3287.590332 ) 
4 109 158 (-7168 3072 -3287.590332 ) (-7168 3072 2975.600342 ) (-7168 4096 2975.600342 ) (-7168 4096 -3287.590332 ) 
4 109 113 (-6144 3072 -3287.590332 ) (-6144 3072 2975.600342 ) (-7168 3072 2975.600342 ) (-7168 3072 -3287.590332 ) 
4 110 112 (-5120 3072 2975.600342 ) (-5120 3072 -3287.590332 ) (-5120 2048 -3287.590332 ) (-5120 2048 2975.600342 ) 
4 110 111 (-4096 2048 -3287.590332 ) (-4096 2048 2975.600342 ) (-5120 2048 2975.600342 ) (-5120 2048 -3287.590332 ) 
4 111 227 (-4096 1024 -3287.590332 ) (-4096 1024 2975.600342 ) (-5120 1024 2975.600342 ) (-5120 1024 -3287.590332 ) 
4 111 114 (-5120 1024 -3287.590332 ) (-5120 1024 2975.600342 ) (-5120 2048 2975.600342 ) (-5120 2048 -3287.590332 ) 
4 112 114 (-5120 2048 -3287.590332 ) (-5120 2048 2975.600342 ) (-6144 2048 2975.600342 ) (-6144 2048 -3287.590332 ) 
4 112 113 (-6144 3072 2975.600342 ) (-6144 3072 -3287.590332 ) (-6144 2048 -3287.590332 ) (-6144 2048 2975.600342 ) 
4 113 160 (-7168 2048 -3287.590332 ) (-7168 2048 2975.600342 ) (-7168 3072 2975.600342 ) (-7168 3072 -3287.590332 ) 
4 113 115 (-6144 2048 -3287.590332 ) (-6144 2048 2975.600342 ) (-7168 2048 2975.600342 ) (-7168 2048 -3287.590332 ) 
4 114 228 (-5120 1024 -3287.590332 ) (-5120 1024 2975.600342 ) (-6144 1024 2975.600342 ) (-6144 1024 -3287.590332 ) 
4 114 115 (-6144 2048 2975.600342 ) (-6144 2048 -3287.590332 ) (-6144 1024 -3287.590332 ) (-6144 1024 2975.600342 ) 
4 115 229 (-6144 1024 -3287.590332 ) (-6144 1024 2975.600342 ) (-7168 1024 2975.600342 ) (-7168 1024 -3287.590332 ) 
4 115 162 (-7168 1024 -3287.590332 ) (-7168 1024 2975.600342 ) (-7168 2048 2975.600342 ) (-7168 2048 -3287.590332 ) 
4 116 118 (-7168 9216 -3287.590332 ) (-7168 9216 2975.600342 ) (-8192 9216 2975.600342 ) (-8192 9216 -3287.590332 ) 
4 116 117 (-8192 9216 -3287.590332 ) (-8192 9216 2975.600342 ) (-8192 9981.389648 2975.600342 ) (-8192 9981.389648 -3287.590332 ) 
4 117 122 (-9216 9216 -3287.590332 ) (-9216 9216 2975.600342 ) (-9216 9981.389648 2975.600342 ) (-9216 9981.389648 -3287.590332 ) 
4 117 119 (-8192 9216 -3287.590332 ) (-8192 9216 2975.600342 ) (-9216 9216 2975.600342 ) (-9216 9216 -3287.590332 ) 
4 118 120 (-7168 8192 -3287.590332 ) (-7168 8192 2975.600342 ) (-8192 8192 2975.600342 ) (-8192 8192 -3287.590332 ) 
4 118 119 (-8192 8192 -3287.590332 ) (-8192 8192 2975.600342 ) (-8192 9216 2975.600342 ) (-8192 9216 -3287.590332 ) 
4 119 125 (-9216 8192 -3287.590332 ) (-9216 8192 2975.600342 ) (-9216 9216 2975.600342 ) (-9216 9216 -3287.590332 ) 
4 119 121 (-9216 8192 2975.600342 ) (-9216 8192 -3287.590332 ) (-8192 8192 -3287.590332 ) (-8192 8192 2975.600342 ) 
4 120 143 (-7168 7168 -3287.590332 ) (-7168 7168 2975.600342 ) (-8192 7168 2975.600342 ) (-8192 7168 -3287.590332 ) 
4 120 121 (-8192 8192 2975.600342 ) (-8192 8192 -3287.590332 ) (-8192 7168 -3287.590332 ) (-8192 7168 2975.600342 ) 
4 121 144 (-8192 7168 -3287.590332 ) (-8192 7168 2975.600342 ) (-9216 7168 2975.600342 ) (-9216 7168 -3287.590332 ) 
4 121 126 (-9216 7168 -3287.590332 ) (-9216 7168 2975.600342 ) (-9216 8192 2975.600342 ) (-9216 8192 -3287.590332 ) 
4 122 125 (-9216 9216 -3287.590332 ) (-9216 9216 2975.600342 ) (-10240 9216 2975.600342 ) (-10240 9216 -3287.590332 ) 
4 122 123 (-10240 9216 -3287.590332 ) (-10240 9216 2975.600342 ) (-10240 9981.389648 2975.600342 ) (-10240 9981.389648 -3287.590332 ) 
4 123 127 (-10240 9216 -3287.590332 ) (-10240 9216 2975.600342 ) (-11264 9216 2975.600342 ) (-11264 9216 -3287.590332 ) 
4 123 124 (-11264 9981.389648 -3287.590332 ) (-11264 9216 -3287.590332 ) (-11264 9216 2975.600342 ) (-11264 9981.389648 2975.600342 ) 
4 124 131 (-12288 9216 -3287.590332 ) (-12288 9216 2975.600342 ) (-12288 9981.389648 2975.600342 ) (-12288 9981.389648 -3287.590332 ) 
4 124 128 (-11264 9216 -3287.590332 ) (-11264 9216 2975.600342 ) (-12288 9216 2975.600342 ) (-12288 9216 -3287.590332 ) 
4 125 127 (-10240 9216 2975.600342 ) (-10240 9216 -3287.590332 ) (-10240 8192 -3287.590332 ) (-10240 8192 2975.600342 ) 
4 125 126 (-9216 8192 -3287.590332 ) (-9216 8192 2975.600342 ) (-10240 8192 2975.600342 ) (-10240 8192 -3287.590332 ) 
4 126 149 (-9216 7168 -3287.590332 ) (-9216 7168 2975.600342 ) (-10240 7168 2975.600342 ) (-10240 7168 -3287.590332 ) 
4 126 129 (-10240 7168 -3287.590332 ) (-10240 7168 2975.600342 ) (-10240 8192 2975.600342 ) (-10240 8192 -3287.590332 ) 
4 127 129 (-10240 8192 -3287.590332 ) (-10240 8192 2975.600342 ) (-11264 8192 2975.600342 ) (-11264 8192 -3287.590332 ) 
4 127 128 (-11264 9216 2975.600342 ) (-11264 9216 -3287.590332 ) (-11264 8192 -3287.590332 ) (-11264 8192 2975.600342 ) 
4 128 133 (-12288 8192 -3287.590332 ) (-12288 8192 2975.600342 ) (-12288 9216 2975.600342 ) (-12288 9216 -3287.590332 ) 
4 128 130 (-11264 8192 -3287.590332 ) (-11264 8192 2975.600342 ) (-12288 8192 2975.600342 ) (-12288 8192 -3287.590332 ) 
4 129 150 (-10240 7168 -3287.590332 ) (-10240 7168 2975.600342 ) (-11264 7168 2975.600342 ) (-11264 7168 -3287.590332 ) 
4 129 130 (-11264 8192 2975.600342 ) (-11264 8192 -3287.590332 ) (-11264 7168 -3287.590332 ) (-11264 7168 2975.600342 ) 
4 130 151 (-11264 7168 -3287.590332 ) (-11264 7168 2975.600342 ) (-12288 7168 2975.600342 ) (-12288 7168 -3287.590332 ) 
4 130 135 (-12288 7168 -3287.590332 ) (-12288 7168 2975.600342 ) (-12288 8192 2975.600342 ) (-12288 8192 -3287.590332 ) 
4 131 133 (-12288 9216 -3287.590332 ) (-12288 9216 2975.600342 ) (-13312 9216 2975.600342 ) (-13312 9216 -3287.590332 ) 
4 131 132 (-13312 9216 -3287.590332 ) (-13312 9216 2975.600342 ) (-13312 9981.389648 2975.600342 ) (-13312 9981.389648 -3287.590332 ) 
4 132 137 (-14336 9216 -3287.590332 ) (-14336 9216 2975.600342 ) (-14336 9981.389648 2975.600342 ) (-14336 9981.389648 -3287.590332 ) 
4 132 134 (-13312 9216 -3287.590332 ) (-13312 9216 2975.600342 ) (-14336 9216 2975.600342 ) (-14336 9216 -3287.590332 ) 
4 133 135 (-12288 8192 -3287.590332 ) (-12288 8192 2975.600342 ) (-13312 8192 2975.600342 ) (-13312 8192 -3287.590332 ) 
4 133 134 (-13312 8192 -3287.590332 ) (-13312 8192 2975.600342 ) (-13312 9216 2975.600342 ) (-13312 9216 -3287.590332 ) 
4 134 139 (-14336 8192 -3287.590332 ) (-14336 8192 2975.600342 ) (-14336 9216 2975.600342 ) (-14336 9216 -3287.590332 ) 
4 134 136 (-14336 8192 2975.600342 ) (-14336 8192 -3287.590332 ) (-13312 8192 -3287.590332 ) (-13312 8192 2975.600342 ) 
4 135 173 (-12288 7168 -3287.590332 ) (-12288 7168 2975.600342 ) (-13312 7168 2975.600342 ) (-13312 7168 -3287.590332 ) 
4 135 136 (-13312 8192 2975.600342 ) (-13312 8192 -3287.590332 ) (-13312 7168 -3287.590332 ) (-13312 7168 2975.600342 ) 
4 136 174 (-13312 7168 -3287.590332 ) (-13312 7168 2975.600342 ) (-14336 7168 2975.600342 ) (-14336 7168 -3287.590332 ) 
4 136 140 (-14336 7168 -3287.590332 ) (-14336 7168 2975.600342 ) (-14336 8192 2975.600342 ) (-14336 8192 -3287.590332 ) 
4 137 139 (-14336 9216 -3287.590332 ) (-14336 9216 2975.600342 ) (-15360 9216 2975.600342 ) (-15360 9216 -3287.590332 ) 
4 137 138 (-15360 9216 -3287.590332 ) (-15360 9216 2975.600342 ) (-15360 9981.389648 2975.600342 ) (-15360 9981.389648 -3287.590332 ) 
4 138 141 (-15360 9216 -3287.590332 ) (-15360 9216 2975.600342 ) (-15510.500000 9216 2975.600342 ) (-15510.500000 9216 -3287.590332 ) 
4 139 141 (-15360 9216 2975.600342 ) (-15360 9216 -3287.590332 ) (-15360 8192 -3287.590332 ) (-15360 8192 2975.600342 ) 
4 139 140 (-14336 8192 -3287.590332 ) (-14336 8192 2975.600342 ) (-15360 8192 2975.600342 ) (-15360 8192 -3287.590332 ) 
4 140 179 (-14336 7168 -3287.590332 ) (-14336 7168 2975.600342 ) (-15360 7168 2975.600342 ) (-15360 7168 -3287.590332 ) 
4 140 142 (-15360 7168 -3287.590332 ) (-15360 7168 2975.600342 ) (-15360 8192 2975.600342 ) (-15360 8192 -3287.590332 ) 
4 141 142 (-15360 8192 -3287.590332 ) (-15360 8192 2975.600342 ) (-15510.500000 8192 2975.600342 ) (-15510.500000 8192 -3287.590332 ) 
4 142 180 (-15360 7168 -3287.590332 ) (-15360 7168 2975.600342 ) (-15510.500000 7168 2975.600342 ) (-15510.500000 7168 -3287.590332 ) 
4 143 145 (-7168 6144 -3287.590332 ) (-7168 6144 2975.600342 ) (-8192 6144 2975.600342 ) (-8192 6144 -3287.590332 ) 
4 143 144 (-8192 7168 2975.600342 ) (-8192 7168 -3287.590332 ) (-8192 6144 -3287.590332 ) (-8192 6144 2975.600342 ) 
4 144 149 (-9216 7168 2975.600342 ) (-9216 7168 -3287.590332 ) (-9216 6144 -3287.590332 ) (-9216 6144 2975.600342 ) 
4 144 146 (-8192 6144 -3287.590332 ) (-8192 6144 2975.600342 ) (-9216 6144 2975.600342 ) (-9216 6144 -3287.590332 ) 
4 145 147 (-7168 5120 -3287.590332 ) (-7168 5120 2975.600342 ) (-8192 5120 2975.600342 ) (-8192 5120 -3287.590332 ) 
4 145 146 (-8192 5120 -3287.590332 ) (-8192 5120 2975.600342 ) (-8192 6144 2975.600342 ) (-8192 6144 -3287.590332 ) 
4 146 152 (-9216 5120 -3287.590332 ) (-9216 5120 2975.600342 ) (-9216 6144 2975.600342 ) (-9216 6144 -3287.590332 ) 
4 146 148 (-9216 5120 2975.600342 ) (-9216 5120 -3287.590332 ) (-8192 5120 -3287.590332 ) (-8192 5120 2975.600342 ) 
4 147 158 (-7168 4096 -3287.590332 ) (-7168 4096 2975.600342 ) (-8192 4096 2975.600342 ) (-8192 4096 -3287.590332 ) 
4 147 148 (-8192 5120 2975.600342 ) (-8192 5120 -3287.590332 ) (-8192 4096 -3287.590332 ) (-8192 4096 2975.600342 ) 
4 148 159 (-8192 4096 -3287.590332 ) (-8192 4096 2975.600342 ) (-9216 4096 2975.600342 ) (-9216 4096 -3287.590332 ) 
4 148 153 (-9216 4096 -3287.590332 ) (-9216 4096 2975.600342 ) (-9216 5120 2975.600342 ) (-9216 5120 -3287.590332 ) 
4 149 152 (-9216 6144 -3287.590332 ) (-9216 6144 2975.600342 ) (-10240 6144 2975.600342 ) (-10240 6144 -3287.590332 ) 
4 149 150 (-10240 7168 2975.600342 ) (-10240 7168 -3287.590332 ) (-10240 6144 -3287.590332 ) (-10240 6144 2975.600342 ) 
4 150 154 (-10240 6144 -3287.590332 ) (-10240 6144 2975.600342 ) (-11264 6144 2975.600342 ) (-11264 6144 -3287.590332 ) 
4 150 151 (-11264 6144 -3287.590332 ) (-11264 6144 2975.600342 ) (-11264 7168 2975.600342 ) (-11264 7168 -3287.590332 ) 
4 151 173 (-12288 7168 2975.600342 ) (-12288 7168 -3287.590332 ) (-12288 6144 -3287.590332 ) (-12288 6144 2975.600342 ) 
4 151 155 (-11264 6144 -3287.590332 ) (-11264 6144 2975.600342 ) (-12288 6144 2975.600342 ) (-12288 6144 -3287.590332 ) 
4 152 154 (-10240 6144 2975.600342 ) (-10240 6144 -3287.590332 ) (-10240 5120 -3287.590332 ) (-10240 5120 2975.600342 ) 
4 152 153 (-9216 5120 -3287.590332 ) (-9216 5120 2975.600342 ) (-10240 5120 2975.600342 ) (-10240 5120 -3287.590332 ) 
4 153 164 (-9216 4096 -3287.590332 ) (-9216 4096 2975.600342 ) (-10240 4096 2975.600342 ) (-10240 4096 -3287.590332 ) 
4 153 156 (-10240 4096 -3287.590332 ) (-10240 4096 2975.600342 ) (-10240 5120 2975.600342 ) (-10240 5120 -3287.590332 ) 
4 154 156 (-10240 5120 -3287.590332 ) (-10240 5120 2975.600342 ) (-11264 5120 2975.600342 ) (-11264 5120 -3287.590332 ) 
4 154 155 (-11264 6144 2975.600342 ) (-11264 6144 -3287.590332 ) (-11264 5120 -3287.590332 ) (-11264 5120 2975.600342 ) 
4 155 175 (-12288 5120 -3287.590332 ) (-12288 5120 2975.600342 ) (-12288 6144 2975.600342 ) (-12288 6144 -3287.590332 ) 
4 155 157 (-11264 5120 -3287.590332 ) (-11264 5120 2975.600342 ) (-12288 5120 2975.600342 ) (-12288 5120 -3287.590332 ) 
4 156 165 (-10240 4096 -3287.590332 ) (-10240 4096 2975.600342 ) (-11264 4096 2975.600342 ) (-11264 4096 -3287.590332 ) 
4 156 157 (-11264 5120 2975.600342 ) (-11264 5120 -3287.590332 ) (-11264 4096 -3287.590332 ) (-11264 4096 2975.600342 ) 
4 157 177 (-12288 4096 -3287.590332 ) (-12288 4096 2975.600342 ) (-12288 5120 2975.600342 ) (-12288 5120 -3287.590332 ) 
4 157 166 (-11264 4096 -3287.590332 ) (-11264 4096 2975.600342 ) (-12288 4096 2975.600342 ) (-12288 4096 -3287.590332 ) 
4 158 160 (-7168 3072 -3287.590332 ) (-7168 3072 2975.600342 ) (-8192 3072 2975.600342 ) (-8192 3072 -3287.590332 ) 
4 158 159 (-8192 4096 2975.600342 ) (-8192 4096 -3287.590332 ) (-8192 3072 -3287.590332 ) (-8192 3072 2975.600342 ) 
4 159 164 (-9216 4096 2975.600342 ) (-9216 4096 -3287.590332 ) (-9216 3072 -3287.590332 ) (-9216 3072 2975.600342 ) 
4 159 161 (-8192 3072 -3287.590332 ) (-8192 3072 2975.600342 ) (-9216 3072 2975.600342 ) (-9216 3072 -3287.590332 ) 
4 160 162 (-7168 2048 -3287.590332 ) (-7168 2048 2975.600342 ) (-8192 2048 2975.600342 ) (-8192 2048 -3287.590332 ) 
4 160 161 (-8192 2048 -3287.590332 ) (-8192 2048 2975.600342 ) (-8192 3072 2975.600342 ) (-8192 3072 -3287.590332 ) 
4 161 167 (-9216 2048 -3287.590332 ) (-9216 2048 2975.600342 ) (-9216 3072 2975.600342 ) (-9216 3072 -3287.590332 ) 
4 161 163 (-9216 2048 2975.600342 ) (-9216 2048 -3287.590332 ) (-8192 2048 -3287.590332 ) (-8192 2048 2975.600342 ) 
4 162 287 (-7168 1024 -3287.590332 ) (-7168 1024 2975.600342 ) (-8192 1024 2975.600342 ) (-8192 1024 -3287.590332 ) 
4 162 163 (-8192 2048 2975.600342 ) (-8192 2048 -3287.590332 ) (-8192 1024 -3287.590332 ) (-8192 1024 2975.600342 ) 
4 163 288 (-8192 1024 -3287.590332 ) (-8192 1024 2975.600342 ) (-9216 1024 2975.600342 ) (-9216 1024 -3287.590332 ) 
4 163 168 (-9216 1024 -3287.590332 ) (-9216 1024 2975.600342 ) (-9216 2048 2975.600342 ) (-9216 2048 -3287.590332 ) 
4 164 167 (-9216 3072 -3287.590332 ) (-9216 3072 2975.600342 ) (-10240 3072 2975.600342 ) (-10240 3072 -3287.590332 ) 
4 164 165 (-10240 4096 2975.600342 ) (-10240 4096 -3287.590332 ) (-10240 3072 -3287.590332 ) (-10240 3072 2975.600342 ) 
4 165 169 (-10240 3072 -3287.590332 ) (-10240 3072 2975.600342 ) (-11264 3072 2975.600342 ) (-11264 3072 -3287.590332 ) 
4 165 166 (-11264 3072 -3287.590332 ) (-11264 3072 2975.600342 ) (-11264 4096 2975.600342 ) (-11264 4096 -3287.590332 ) 
4 166 185 (-12288 3072 -3287.590332 ) (-12288 3072 2975.600342 ) (-12288 4096 2975.600342 ) (-12288 4096 -3287.590332 ) 
4 166 170 (-11264 3072 -3287.590332 ) (-11264 3072 2975.600342 ) (-12288 3072 2975.600342 ) (-12288 3072 -3287.590332 ) 
4 167 169 (-10240 3072 2975.600342 ) (-10240 3072 -3287.590332 ) (-10240 2048 -3287.590332 ) (-10240 2048 2975.600342 ) 
4 167 168 (-9216 2048 -3287.590332 ) (-9216 2048 2975.600342 ) (-10240 2048 2975.600342 ) (-10240 2048 -3287.590332 ) 
4 168 293 (-9216 1024 -3287.590332 ) (-9216 1024 2975.600342 ) (-10240 1024 2975.600342 ) (-10240 1024 -3287.590332 ) 
4 168 171 (-10240 1024 -3287.590332 ) (-10240 1024 2975.600342 ) (-10240 2048 2975.600342 ) (-10240 2048 -3287.590332 ) 
4 169 171 (-10240 2048 -3287.590332 ) (-10240 2048 2975.600342 ) (-11264 2048 2975.600342 ) (-11264 2048 -3287.590332 ) 
4 169 170 (-11264 3072 2975.600342 ) (-11264 3072 -3287.590332 ) (-11264 2048 -3287.590332 ) (-11264 2048 2975.600342 ) 
4 170 187 (-12288 2048 -3287.590332 ) (-12288 2048 2975.600342 ) (-12288 3072 2975.600342 ) (-12288 3072 -3287.590332 ) 
4 170 172 (-11264 2048 -3287.590332 ) (-11264 2048 2975.600342 ) (-12288 2048 2975.600342 ) (-12288 2048 -3287.590332 ) 
4 171 294 (-10240 1024 -3287.590332 ) (-10240 1024 2975.600342 ) (-11264 1024 2975.600342 ) (-11264 1024 -3287.590332 ) 
4 171 172 (-11264 2048 2975.600342 ) (-11264 2048 -3287.590332 ) (-11264 1024 -3287.590332 ) (-11264 1024 2975.600342 ) 
4 172 295 (-11264 1024 -3287.590332 ) (-11264 1024 2975.600342 ) (-12288 1024 2975.600342 ) (-12288 1024 -3287.590332 ) 
4 172 189 (-12288 1024 -3287.590332 ) (-12288 1024 2975.600342 ) (-12288 2048 2975.600342 ) (-12288 2048 -3287.590332 ) 
4 173 175 (-12288 6144 -3287.590332 ) (-12288 6144 2975.600342 ) (-13312 6144 2975.600342 ) (-13312 6144 -3287.590332 ) 
4 173 174 (-13312 7168 2975.600342 ) (-13312 7168 -3287.590332 ) (-13312 6144 -3287.590332 ) (-13312 6144 2975.600342 ) 
4 174 179 (-14336 7168 2975.600342 ) (-14336 7168 -3287.590332 ) (-14336 6144 -3287.590332 ) (-14336 6144 2975.600342 ) 
4 174 176 (-13312 6144 -3287.590332 ) (-13312 6144 2975.600342 ) (-14336 6144 2975.600342 ) (-14336 6144 -3287.590332 ) 
4 175 177 (-12288 5120 -3287.590332 ) (-12288 5120 2975.600342 ) (-13312 5120 2975.600342 ) (-13312 5120 -3287.590332 ) 
4 175 176 (-13312 5120 -3287.590332 ) (-13312 5120 2975.600342 ) (-13312 6144 2975.600342 ) (-13312 6144 -3287.590332 ) 
4 176 181 (-14336 5120 -3287.590332 ) (-14336 5120 2975.600342 ) (-14336 6144 2975.600342 ) (-14336 6144 -3287.590332 ) 
4 176 178 (-14336 5120 2975.600342 ) (-14336 5120 -3287.590332 ) (-13312 5120 -3287.590332 ) (-13312 5120 2975.600342 ) 
4 177 185 (-12288 4096 -3287.590332 ) (-12288 4096 2975.600342 ) (-13312 4096 2975.600342 ) (-13312 4096 -3287.590332 ) 
4 177 178 (-13312 5120 2975.600342 ) (-13312 5120 -3287.590332 ) (-13312 4096 -3287.590332 ) (-13312 4096 2975.600342 ) 
4 178 186 (-13312 4096 -3287.590332 ) (-13312 4096 2975.600342 ) (-14336 4096 2975.600342 ) (-14336 4096 -3287.590332 ) 
4 178 182 (-14336 4096 -3287.590332 ) (-14336 4096 2975.600342 ) (-14336 5120 2975.600342 ) (-14336 5120 -3287.590332 ) 
4 179 181 (-14336 6144 -3287.590332 ) (-14336 6144 2975.600342 ) (-15360 6144 2975.600342 ) (-15360 6144 -3287.590332 ) 
4 179 180 (-15360 7168 2975.600342 ) (-15360 7168 -3287.590332 ) (-15360 6144 -3287.590332 ) (-15360 6144 2975.600342 ) 
4 180 183 (-15360 6144 -3287.590332 ) (-15360 6144 2975.600342 ) (-15510.500000 6144 2975.600342 ) (-15510.500000 6144 -3287.590332 ) 
4 181 183 (-15360 6144 2975.600342 ) (-15360 6144 -3287.590332 ) (-15360 5120 -3287.590332 ) (-15360 5120 2975.600342 ) 
4 181 182 (-14336 5120 -3287.590332 ) (-14336 5120 2975.600342 ) (-15360 5120 2975.600342 ) (-15360 5120 -3287.590332 ) 
4 182 191 (-14336 4096 -3287.590332 ) (-14336 4096 2975.600342 ) (-15360 4096 2975.600342 ) (-15360 4096 -3287.590332 ) 
4 182 184 (-15360 4096 -3287.590332 ) (-15360 4096 2975.600342 ) (-15360 5120 2975.600342 ) (-15360 5120 -3287.590332 ) 
4 183 184 (-15360 5120 -3287.590332 ) (-15360 5120 2975.600342 ) (-15510.500000 5120 2975.600342 ) (-15510.500000 5120 -3287.590332 ) 
4 184 192 (-15360 4096 -3287.590332 ) (-15360 4096 2975.600342 ) (-15510.500000 4096 2975.600342 ) (-15510.500000 4096 -3287.590332 ) 
4 185 187 (-12288 3072 -3287.590332 ) (-12288 3072 2975.600342 ) (-13312 3072 2975.600342 ) (-13312 3072 -3287.590332 ) 
4 185 186 (-13312 4096 2975.600342 ) (-13312 4096 -3287.590332 ) (-13312 3072 -3287.590332 ) (-13312 3072 2975.600342 ) 
4 186 191 (-14336 4096 2975.600342 ) (-14336 4096 -3287.590332 ) (-14336 3072 -3287.590332 ) (-14336 3072 2975.600342 ) 
4 186 188 (-13312 3072 -3287.590332 ) (-13312 3072 2975.600342 ) (-14336 3072 2975.600342 ) (-14336 3072 -3287.590332 ) 
4 187 189 (-12288 2048 -3287.590332 ) (-12288 2048 2975.600342 ) (-13312 2048 2975.600342 ) (-13312 2048 -3287.590332 ) 
4 187 188 (-13312 2048 -3287.590332 ) (-13312 2048 2975.600342 ) (-13312 3072 2975.600342 ) (-13312 3072 -3287.590332 ) 
4 188 193 (-14336 2048 -3287.590332 ) (-14336 2048 2975.600342 ) (-14336 3072 2975.600342 ) (-14336 3072 -3287.590332 ) 
4 188 190 (-14336 2048 2975.600342 ) (-14336 2048 -3287.590332 ) (-13312 2048 -3287.590332 ) (-13312 2048 2975.600342 ) 
4 189 320 (-12288 1024 -3287.590332 ) (-12288 1024 2975.600342 ) (-13312 1024 2975.600342 ) (-13312 1024 -3287.590332 ) 
4 189 190 (-13312 2048 2975.600342 ) (-13312 2048 -3287.590332 ) (-13312 1024 -3287.590332 ) (-13312 1024 2975.600342 ) 
4 190 321 (-13312 1024 -3287.590332 ) (-13312 1024 2975.600342 ) (-14336 1024 2975.600342 ) (-14336 1024 -3287.590332 ) 
4 190 194 (-14336 1024 -3287.590332 ) (-14336 1024 2975.600342 ) (-14336 2048 2975.600342 ) (-14336 2048 -3287.590332 ) 
4 191 193 (-14336 3072 -3287.590332 ) (-14336 3072 2975.600342 ) (-15360 3072 2975.600342 ) (-15360 3072 -3287.590332 ) 
4 191 192 (-15360 4096 2975.600342 ) (-15360 4096 -3287.590332 ) (-15360 3072 -3287.590332 ) (-15360 3072 2975.600342 ) 
4 192 195 (-15360 3072 -3287.590332 ) (-15360 3072 2975.600342 ) (-15510.500000 3072 2975.600342 ) (-15510.500000 3072 -3287.590332 ) 
4 193 195 (-15360 3072 2975.600342 ) (-15360 3072 -3287.590332 ) (-15360 2048 -3287.590332 ) (-15360 2048 2975.600342 ) 
4 193 194 (-14336 2048 -3287.590332 ) (-14336 2048 2975.600342 ) (-15360 2048 2975.600342 ) (-15360 2048 -3287.590332 ) 
4 194 326 (-14336 1024 -3287.590332 ) (-14336 1024 2975.600342 ) (-15360 1024 2975.600342 ) (-15360 1024 -3287.590332 ) 
4 194 196 (-15360 1024 -3287.590332 ) (-15360 1024 2975.600342 ) (-15360 2048 2975.600342 ) (-15360 2048 -3287.590332 ) 
4 195 196 (-15360 2048 -3287.590332 ) (-15360 2048 2975.600342 ) (-15510.500000 2048 2975.600342 ) (-15510.500000 2048 -3287.590332 ) 
4 196 327 (-15360 1024 -3287.590332 ) (-15360 1024 2975.600342 ) (-15510.500000 1024 2975.600342 ) (-15510.500000 1024 -3287.590332 ) 
4 197 200 (1024 1024 2975.600342 ) (1024 1024 -3287.590332 ) (1024 0 -3287.590332 ) (1024 0 2975.600342 ) 
4 197 198 (1422.530029 0 2975.600342 ) (1024 0 2975.600342 ) (1024 0 -3287.590332 ) (1422.530029 0 -3287.590332 ) 
4 198 203 (1024 -1024 -3287.590332 ) (1024 -1024 2975.600342 ) (1024 0 2975.600342 ) (1024 0 -3287.590332 ) 
4 198 199 (1024 -1024 2975.600342 ) (1024 -1024 -3287.590332 ) (1422.530029 -1024 -3287.590332 ) (1422.530029 -1024 2975.600342 ) 
4 199 209 (1422.530029 -2048 2975.600342 ) (1024 -2048 2975.600342 ) (1024 -2048 -3287.590332 ) (1422.530029 -2048 -3287.590332 ) 
4 199 204 (1024 -2048 -3287.590332 ) (1024 -2048 2975.600342 ) (1024 -1024 2975.600342 ) (1024 -1024 -3287.590332 ) 
4 200 203 (1024 0 -3287.590332 ) (1024 0 2975.600342 ) (0 0 2975.600342 ) (0 0 -3287.590332 ) 
4 200 201 (0 1024 2975.600342 ) (0 1024 -3287.590332 ) (0 0 -3287.590332 ) (0 0 2975.600342 ) 
4 201 205 (0 0 -3287.590332 ) (0 0 2975.600342 ) (-1024 0 2975.600342 ) (-1024 0 -3287.590332 ) 
4 201 202 (-1024 0 -3287.590332 ) (-1024 0 2975.600342 ) (-1024 1024 2975.600342 ) (-1024 1024 -3287.590332 ) 
4 202 221 (-2048 1024 2975.600342 ) (-2048 1024 -3287.590332 ) (-2048 0 -3287.590332 ) (-2048 0 2975.600342 ) 
4 202 206 (-1024 0 -3287.590332 ) (-1024 0 2975.600342 ) (-2048 0 2975.600342 ) (-2048 0 -3287.590332 ) 
4 203 205 (0 0 2975.600342 ) (0 0 -3287.590332 ) (0 -1024 -3287.590332 ) (0 -1024 2975.600342 ) 
4 203 204 (1024 -1024 -3287.590332 ) (1024 -1024 2975.600342 ) (0 -1024 2975.600342 ) (0 -1024 -3287.590332 ) 
4 204 212 (1024 -2048 -3287.590332 ) (1024 -2048 2975.600342 ) (0 -2048 2975.600342 ) (0 -2048 -3287.590332 ) 
4 204 207 (0 -2048 -3287.590332 ) (0 -2048 2975.600342 ) (0 -1024 2975.600342 ) (0 -1024 -3287.590332 ) 
4 205 207 (0 -1024 -3287.590332 ) (0 -1024 2975.600342 ) (-1024 -1024 2975.600342 ) (-1024 -1024 -3287.590332 ) 
4 205 206 (-1024 0 2975.600342 ) (-1024 0 -3287.590332 ) (-1024 -1024 -3287.590332 ) (-1024 -1024 2975.600342 ) 
4 206 223 (-2048 -1024 -3287.590332 ) (-2048 -1024 2975.600342 ) (-2048 0 2975.600342 ) (-2048 0 -3287.590332 ) 
4 206 208 (-1024 -1024 -3287.590332 ) (-1024 -1024 2975.600342 ) (-2048 -1024 2975.600342 ) (-2048 -1024 -3287.590332 ) 
4 207 213 (0 -2048 -3287.590332 ) (0 -2048 2975.600342 ) (-1024 -2048 2975.600342 ) (-1024 -2048 -3287.590332 ) 
4 207 208 (-1024 -1024 2975.600342 ) (-1024 -1024 -3287.590332 ) (-1024 -2048 -3287.590332 ) (-1024 -2048 2975.600342 ) 
4 208 225 (-2048 -2048 -3287.590332 ) (-2048 -2048 2975.600342 ) (-2048 -1024 2975.600342 ) (-2048 -1024 -3287.590332 ) 
4 208 214 (-1024 -2048 -3287.590332 ) (-1024 -2048 2975.600342 ) (-2048 -2048 2975.600342 ) (-2048 -2048 -3287.590332 ) 
4 209 212 (1024 -2048 2975.600342 ) (1024 -2048 -3287.590332 ) (1024 -3072 -3287.590332 ) (1024 -3072 2975.600342 ) 
4 209 210 (1422.530029 -3072 2975.600342 ) (1024 -3072 2975.600342 ) (1024 -3072 -3287.590332 ) (1422.530029 -3072 -3287.590332 ) 
4 210 215 (1024 -4096 -3287.590332 ) (1024 -4096 2975.600342 ) (1024 -3072 2975.600342 ) (1024 -3072 -3287.590332 ) 
4 210 211 (1024 -4096 2975.600342 ) (1024 -4096 -3287.590332 ) (1422.530029 -4096 -3287.590332 ) (1422.530029 -4096 2975.600342 ) 
4 211 251 (1422.530029 -5120 2975.600342 ) (1024 -5120 2975.600342 ) (1024 -5120 -3287.590332 ) (1422.530029 -5120 -3287.590332 ) 
4 211 216 (1024 -5120 -3287.590332 ) (1024 -5120 2975.600342 ) (1024 -4096 2975.600342 ) (1024 -4096 -3287.590332 ) 
4 212 215 (1024 -3072 -3287.590332 ) (1024 -3072 2975.600342 ) (0 -3072 2975.600342 ) (0 -3072 -3287.590332 ) 
4 212 213 (0 -2048 2975.600342 ) (0 -2048 -3287.590332 ) (0 -3072 -3287.590332 ) (0 -3072 2975.600342 ) 
4 213 217 (0 -3072 -3287.590332 ) (0 -3072 2975.600342 ) (-1024 -3072 2975.600342 ) (-1024 -3072 -3287.590332 ) 
4 213 214 (-1024 -3072 -3287.590332 ) (-1024 -3072 2975.600342 ) (-1024 -2048 2975.600342 ) (-1024 -2048 -3287.590332 ) 
4 214 236 (-2048 -3072 -3287.590332 ) (-2048 -3072 2975.600342 ) (-2048 -2048 2975.600342 ) (-2048 -2048 -3287.590332 ) 
4 214 218 (-1024 -3072 -3287.590332 ) (-1024 -3072 2975.600342 ) (-2048 -3072 2975.600342 ) (-2048 -3072 -3287.590332 ) 
4 215 217 (0 -3072 2975.600342 ) (0 -3072 -3287.590332 ) (0 -4096 -3287.590332 ) (0 -4096 2975.600342 ) 
4 215 216 (1024 -4096 -3287.590332 ) (1024 -4096 2975.600342 ) (0 -4096 2975.600342 ) (0 -4096 -3287.590332 ) 
4 216 254 (1024 -5120 -3287.590332 ) (1024 -5120 2975.600342 ) (0 -5120 2975.600342 ) (0 -5120 -3287.590332 ) 
4 216 219 (0 -5120 -3287.590332 ) (0 -5120 2975.600342 ) (0 -4096 2975.600342 ) (0 -4096 -3287.590332 ) 
4 217 219 (0 -4096 -3287.590332 ) (0 -4096 2975.600342 ) (-1024 -4096 2975.600342 ) (-1024 -4096 -3287.590332 ) 
4 217 218 (-1024 -3072 2975.600342 ) (-1024 -3072 -3287.590332 ) (-1024 -4096 -3287.590332 ) (-1024 -4096 2975.600342 ) 
4 218 238 (-2048 -4096 -3287.590332 ) (-2048 -4096 2975.600342 ) (-2048 -3072 2975.600342 ) (-2048 -3072 -3287.590332 ) 
4 218 220 (-1024 -4096 -3287.590332 ) (-1024 -4096 2975.600342 ) (-2048 -4096 2975.600342 ) (-2048 -4096 -3287.590332 ) 
4 219 255 (0 -5120 -3287.590332 ) (0 -5120 2975.600342 ) (-1024 -5120 2975.600342 ) (-1024 -5120 -3287.590332 ) 
4 219 220 (-1024 -4096 2975.600342 ) (-1024 -4096 -3287.590332 ) (-1024 -5120 -3287.590332 ) (-1024 -5120 2975.600342 ) 
4 220 256 (-1024 -5120 -3287.590332 ) (-1024 -5120 2975.600342 ) (-2048 -5120 2975.600342 ) (-2048 -5120 -3287.590332 ) 
4 220 240 (-2048 -5120 -3287.590332 ) (-2048 -5120 2975.600342 ) (-2048 -4096 2975.600342 ) (-2048 -4096 -3287.590332 ) 
4 221 223 (-2048 0 -3287.590332 ) (-2048 0 2975.600342 ) (-3072 0 2975.600342 ) (-3072 0 -3287.590332 ) 
4 221 222 (-3072 1024 2975.600342 ) (-3072 1024 -3287.590332 ) (-3072 0 -3287.590332 ) (-3072 0 2975.600342 ) 
4 222 227 (-4096 1024 2975.600342 ) (-4096 1024 -3287.590332 ) (-4096 0 -3287.590332 ) (-4096 0 2975.600342 ) 
4 222 224 (-3072 0 -3287.590332 ) (-3072 0 2975.600342 ) (-4096 0 2975.600342 ) (-4096 0 -3287.590332 ) 
4 223 225 (-2048 -1024 -3287.590332 ) (-2048 -1024 2975.600342 ) (-3072 -1024 2975.600342 ) (-3072 -1024 -3287.590332 ) 
4 223 224 (-3072 -1024 -3287.590332 ) (-3072 -1024 2975.600342 ) (-3072 0 2975.600342 ) (-3072 0 -3287.590332 ) 
4 224 230 (-4096 -1024 -3287.590332 ) (-4096 -1024 2975.600342 ) (-4096 0 2975.600342 ) (-4096 0 -3287.590332 ) 
4 224 226 (-4096 -1024 2975.600342 ) (-4096 -1024 -3287.590332 ) (-3072 -1024 -3287.590332 ) (-3072 -1024 2975.600342 ) 
4 225 236 (-2048 -2048 -3287.590332 ) (-2048 -2048 2975.600342 ) (-3072 -2048 2975.600342 ) (-3072 -2048 -3287.590332 ) 
4 225 226 (-3072 -1024 2975.600342 ) (-3072 -1024 -3287.590332 ) (-3072 -2048 -3287.590332 ) (-3072 -2048 2975.600342 ) 
4 226 237 (-3072 -2048 -3287.590332 ) (-3072 -2048 2975.600342 ) (-4096 -2048 2975.600342 ) (-4096 -2048 -3287.590332 ) 
4 226 231 (-4096 -2048 -3287.590332 ) (-4096 -2048 2975.600342 ) (-4096 -1024 2975.600342 ) (-4096 -1024 -3287.590332 ) 
4 227 230 (-4096 0 -3287.590332 ) (-4096 0 2975.600342 ) (-5120 0 2975.600342 ) (-5120 0 -3287.590332 ) 
4 227 228 (-5120 1024 2975.600342 ) (-5120 1024 -3287.590332 ) (-5120 0 -3287.590332 ) (-5120 0 2975.600342 ) 
4 228 232 (-5120 0 -3287.590332 ) (-5120 0 2975.600342 ) (-6144 0 2975.600342 ) (-6144 0 -3287.590332 ) 
4 228 229 (-6144 0 -3287.590332 ) (-6144 0 2975.600342 ) (-6144 1024 2975.600342 ) (-6144 1024 -3287.590332 ) 
4 229 287 (-7168 1024 2975.600342 ) (-7168 1024 -3287.590332 ) (-7168 0 -3287.590332 ) (-7168 0 2975.600342 ) 
4 229 233 (-6144 0 -3287.590332 ) (-6144 0 2975.600342 ) (-7168 0 2975.600342 ) (-7168 0 -3287.590332 ) 
4 230 232 (-5120 0 2975.600342 ) (-5120 0 -3287.590332 ) (-5120 -1024 -3287.590332 ) (-5120 -1024 2975.600342 ) 
4 230 231 (-4096 -1024 -3287.590332 ) (-4096 -1024 2975.600342 ) (-5120 -1024 2975.600342 ) (-5120 -1024 -3287.590332 ) 
4 231 242 (-4096 -2048 -3287.590332 ) (-4096 -2048 2975.600342 ) (-5120 -2048 2975.600342 ) (-5120 -2048 -3287.590332 ) 
4 231 234 (-5120 -2048 -3287.590332 ) (-5120 -2048 2975.600342 ) (-5120 -1024 2975.600342 ) (-5120 -1024 -3287.590332 ) 
4 232 234 (-5120 -1024 -3287.590332 ) (-5120 -1024 2975.600342 ) (-6144 -1024 2975.600342 ) (-6144 -1024 -3287.590332 ) 
4 232 233 (-6144 0 2975.600342 ) (-6144 0 -3287.590332 ) (-6144 -1024 -3287.590332 ) (-6144 -1024 2975.600342 ) 
4 233 289 (-7168 -1024 -3287.590332 ) (-7168 -1024 2975.600342 ) (-7168 0 2975.600342 ) (-7168 0 -3287.590332 ) 
4 233 235 (-6144 -1024 -3287.590332 ) (-6144 -1024 2975.600342 ) (-7168 -1024 2975.600342 ) (-7168 -1024 -3287.590332 ) 
4 234 243 (-5120 -2048 -3287.590332 ) (-5120 -2048 2975.600342 ) (-6144 -2048 2975.600342 ) (-6144 -2048 -3287.590332 ) 
4 234 235 (-6144 -1024 2975.600342 ) (-6144 -1024 -3287.590332 ) (-6144 -2048 -3287.590332 ) (-6144 -2048 2975.600342 ) 
4 235 291 (-7168 -2048 -3287.590332 ) (-7168 -2048 2975.600342 ) (-7168 -1024 2975.600342 ) (-7168 -1024 -3287.590332 ) 
4 235 244 (-6144 -2048 -3287.590332 ) (-6144 -2048 2975.600342 ) (-7168 -2048 2975.600342 ) (-7168 -2048 -3287.590332 ) 
4 236 238 (-2048 -3072 -3287.590332 ) (-2048 -3072 2975.600342 ) (-3072 -3072 2975.600342 ) (-3072 -3072 -3287.590332 ) 
4 236 237 (-3072 -2048 2975.600342 ) (-3072 -2048 -3287.590332 ) (-3072 -3072 -3287.590332 ) (-3072 -3072 2975.600342 ) 
4 237 242 (-4096 -2048 2975.600342 ) (-4096 -2048 -3287.590332 ) (-4096 -3072 -3287.590332 ) (-4096 -3072 2975.600342 ) 
4 237 239 (-3072 -3072 -3287.590332 ) (-3072 -3072 2975.600342 ) (-4096 -3072 2975.600342 ) (-4096 -3072 -3287.590332 ) 
4 238 240 (-2048 -4096 -3287.590332 ) (-2048 -4096 2975.600342 ) (-3072 -4096 2975.600342 ) (-3072 -4096 -3287.590332 ) 
4 238 239 (-3072 -4096 -3287.590332 ) (-3072 -4096 2975.600342 ) (-3072 -3072 2975.600342 ) (-3072 -3072 -3287.590332 ) 
4 239 245 (-4096 -4096 -3287.590332 ) (-4096 -4096 2975.600342 ) (-4096 -3072 2975.600342 ) (-4096 -3072 -3287.590332 ) 
4 239 241 (-4096 -4096 2975.600342 ) (-4096 -4096 -3287.590332 ) (-3072 -4096 -3287.590332 ) (-3072 -4096 2975.600342 ) 
4 240 267 (-2048 -5120 -3287.590332 ) (-2048 -5120 2975.600342 ) (-3072 -5120 2975.600342 ) (-3072 -5120 -3287.590332 ) 
4 240 241 (-3072 -4096 2975.600342 ) (-3072 -4096 -3287.590332 ) (-3072 -5120 -3287.590332 ) (-3072 -5120 2975.600342 ) 
4 241 268 (-3072 -5120 -3287.590332 ) (-3072 -5120 2975.600342 ) (-4096 -5120 2975.600342 ) (-4096 -5120 -3287.590332 ) 
4 241 246 (-4096 -5120 -3287.590332 ) (-4096 -5120 2975.600342 ) (-4096 -4096 2975.600342 ) (-4096 -4096 -3287.590332 ) 
4 242 245 (-4096 -3072 -3287.590332 ) (-4096 -3072 2975.600342 ) (-5120 -3072 2975.600342 ) (-5120 -3072 -3287.590332 ) 
4 242 243 (-5120 -2048 2975.600342 ) (-5120 -2048 -3287.590332 ) (-5120 -3072 -3287.590332 ) (-5120 -3072 2975.600342 ) 
4 243 247 (-5120 -3072 -3287.590332 ) (-5120 -3072 2975.600342 ) (-6144 -3072 2975.600342 ) (-6144 -3072 -3287.590332 ) 
4 243 244 (-6144 -3072 -3287.590332 ) (-6144 -3072 2975.600342 ) (-6144 -2048 2975.600342 ) (-6144 -2048 -3287.590332 ) 
4 244 302 (-7168 -3072 -3287.590332 ) (-7168 -3072 2975.600342 ) (-7168 -2048 2975.600342 ) (-7168 -2048 -3287.590332 ) 
4 244 248 (-6144 -3072 -3287.590332 ) (-6144 -3072 2975.600342 ) (-7168 -3072 2975.600342 ) (-7168 -3072 -3287.590332 ) 
4 245 247 (-5120 -3072 2975.600342 ) (-5120 -3072 -3287.590332 ) (-5120 -4096 -3287.590332 ) (-5120 -4096 2975.600342 ) 
4 245 246 (-4096 -4096 -3287.590332 ) (-4096 -4096 2975.600342 ) (-5120 -4096 2975.600342 ) (-5120 -4096 -3287.590332 ) 
4 246 273 (-4096 -5120 -3287.590332 ) (-4096 -5120 2975.600342 ) (-5120 -5120 2975.600342 ) (-5120 -5120 -3287.590332 ) 
4 246 249 (-5120 -5120 -3287.590332 ) (-5120 -5120 2975.600342 ) (-5120 -4096 2975.600342 ) (-5120 -4096 -3287.590332 ) 
4 247 249 (-5120 -4096 -3287.590332 ) (-5120 -4096 2975.600342 ) (-6144 -4096 2975.600342 ) (-6144 -4096 -3287.590332 ) 
4 247 248 (-6144 -3072 2975.600342 ) (-6144 -3072 -3287.590332 ) (-6144 -4096 -3287.590332 ) (-6144 -4096 2975.600342 ) 
4 248 304 (-7168 -4096 -3287.590332 ) (-7168 -4096 2975.600342 ) (-7168 -3072 2975.600342 ) (-7168 -3072 -3287.590332 ) 
4 248 250 (-6144 -4096 -3287.590332 ) (-6144 -4096 2975.600342 ) (-7168 -4096 2975.600342 ) (-7168 -4096 -3287.590332 ) 
4 249 274 (-5120 -5120 -3287.590332 ) (-5120 -5120 2975.600342 ) (-6144 -5120 2975.600342 ) (-6144 -5120 -3287.590332 ) 
4 249 250 (-6144 -4096 2975.600342 ) (-6144 -4096 -3287.590332 ) (-6144 -5120 -3287.590332 ) (-6144 -5120 2975.600342 ) 
4 250 306 (-7168 -5120 -3287.590332 ) (-7168 -5120 2975.600342 ) (-7168 -4096 2975.600342 ) (-7168 -4096 -3287.590332 ) 
4 250 275 (-6144 -5120 -3287.590332 ) (-6144 -5120 2975.600342 ) (-7168 -5120 2975.600342 ) (-7168 -5120 -3287.590332 ) 
4 251 254 (1024 -5120 2975.600342 ) (1024 -5120 -3287.590332 ) (1024 -6144 -3287.590332 ) (1024 -6144 2975.600342 ) 
4 251 252 (1422.530029 -6144 2975.600342 ) (1024 -6144 2975.600342 ) (1024 -6144 -3287.590332 ) (1422.530029 -6144 -3287.590332 ) 
4 252 257 (1024 -7168 -3287.590332 ) (1024 -7168 2975.600342 ) (1024 -6144 2975.600342 ) (1024 -6144 -3287.590332 ) 
4 252 253 (1024 -7168 2975.600342 ) (1024 -7168 -3287.590332 ) (1422.530029 -7168 -3287.590332 ) (1422.530029 -7168 2975.600342 ) 
4 253 263 (1422.530029 -8192 2975.600342 ) (1024 -8192 2975.600342 ) (1024 -8192 -3287.590332 ) (1422.530029 -8192 -3287.590332 ) 
4 253 258 (1024 -8192 -3287.590332 ) (1024 -8192 2975.600342 ) (1024 -7168 2975.600342 ) (1024 -7168 -3287.590332 ) 
4 254 257 (1024 -6144 -3287.590332 ) (1024 -6144 2975.600342 ) (0 -6144 2975.600342 ) (0 -6144 -3287.590332 ) 
4 254 255 (0 -5120 2975.600342 ) (0 -5120 -3287.590332 ) (0 -6144 -3287.590332 ) (0 -6144 2975.600342 ) 
4 255 259 (0 -6144 -3287.590332 ) (0 -6144 2975.600342 ) (-1024 -6144 2975.600342 ) (-1024 -6144 -3287.590332 ) 
4 255 256 (-1024 -6144 -3287.590332 ) (-1024 -6144 2975.600342 ) (-1024 -5120 2975.600342 ) (-1024 -5120 -3287.590332 ) 
4 256 267 (-2048 -5120 2975.600342 ) (-2048 -5120 -3287.590332 ) (-2048 -6144 -3287.590332 ) (-2048 -6144 2975.600342 ) 
4 256 260 (-1024 -6144 -3287.590332 ) (-1024 -6144 2975.600342 ) (-2048 -6144 2975.600342 ) (-2048 -6144 -3287.590332 ) 
4 257 259 (0 -6144 2975.600342 ) (0 -6144 -3287.590332 ) (0 -7168 -3287.590332 ) (0 -7168 2975.600342 ) 
4 257 258 (1024 -7168 -3287.590332 ) (1024 -7168 2975.600342 ) (0 -7168 2975.600342 ) (0 -7168 -3287.590332 ) 
4 258 264 (1024 -8192 -3287.590332 ) (1024 -8192 2975.600342 ) (0 -8192 2975.600342 ) (0 -8192 -3287.590332 ) 
4 258 261 (0 -8192 -3287.590332 ) (0 -8192 2975.600342 ) (0 -7168 2975.600342 ) (0 -7168 -3287.590332 ) 
4 259 261 (0 -7168 -3287.590332 ) (0 -7168 2975.600342 ) (-1024 -7168 2975.600342 ) (-1024 -7168 -3287.590332 ) 
4 259 260 (-1024 -6144 2975.600342 ) (-1024 -6144 -3287.590332 ) (-1024 -7168 -3287.590332 ) (-1024 -7168 2975.600342 ) 
4 260 269 (-2048 -7168 -3287.590332 ) (-2048 -7168 2975.600342 ) (-2048 -6144 2975.600342 ) (-2048 -6144 -3287.590332 ) 
4 260 262 (-1024 -7168 -3287.590332 ) (-1024 -7168 2975.600342 ) (-2048 -7168 2975.600342 ) (-2048 -7168 -3287.590332 ) 
4 261 265 (0 -8192 -3287.590332 ) (0 -8192 2975.600342 ) (-1024 -8192 2975.600342 ) (-1024 -8192 -3287.590332 ) 
4 261 262 (-1024 -7168 2975.600342 ) (-1024 -7168 -3287.590332 ) (-1024 -8192 -3287.590332 ) (-1024 -8192 2975.600342 ) 
4 262 271 (-2048 -8192 -3287.590332 ) (-2048 -8192 2975.600342 ) (-2048 -7168 2975.600342 ) (-2048 -7168 -3287.590332 ) 
4 262 266 (-1024 -8192 -3287.590332 ) (-1024 -8192 2975.600342 ) (-2048 -8192 2975.600342 ) (-2048 -8192 -3287.590332 ) 
4 263 264 (1024 -8192 2975.600342 ) (1024 -8192 -3287.590332 ) (1024 -8757.201172 -3287.590332 ) (1024 -8757.201172 2975.600342 ) 
4 264 265 (0 -8192 2975.600342 ) (0 -8192 -3287.590332 ) (0 -8757.201172 -3287.590332 ) (0 -8757.201172 2975.600342 ) 
4 265 266 (-1024 -8757.201172 2975.600342 ) (-1024 -8192 2975.600342 ) (-1024 -8192 -3287.590332 ) (-1024 -8757.201172 -3287.590332 ) 
4 266 282 (-2048 -8757.201172 2975.600342 ) (-2048 -8192 2975.600342 ) (-2048 -8192 -3287.590332 ) (-2048 -8757.201172 -3287.590332 ) 
4 267 269 (-2048 -6144 -3287.590332 ) (-2048 -6144 2975.600342 ) (-3072 -6144 2975.600342 ) (-3072 -6144 -3287.590332 ) 
4 267 268 (-3072 -5120 2975.600342 ) (-3072 -5120 -3287.590332 ) (-3072 -6144 -3287.590332 ) (-3072 -6144 2975.600342 ) 
4 268 273 (-4096 -5120 2975.600342 ) (-4096 -5120 -3287.590332 ) (-4096 -6144 -3287.590332 ) (-4096 -6144 2975.600342 ) 
4 268 270 (-3072 -6144 -3287.590332 ) (-3072 -6144 2975.600342 ) (-4096 -6144 2975.600342 ) (-4096 -6144 -3287.590332 ) 
4 269 271 (-2048 -7168 -3287.590332 ) (-2048 -7168 2975.600342 ) (-3072 -7168 2975.600342 ) (-3072 -7168 -3287.590332 ) 
4 269 270 (-3072 -7168 -3287.590332 ) (-3072 -7168 2975.600342 ) (-3072 -6144 2975.600342 ) (-3072 -6144 -3287.590332 ) 
4 270 276 (-4096 -7168 -3287.590332 ) (-4096 -7168 2975.600342 ) (-4096 -6144 2975.600342 ) (-4096 -6144 -3287.590332 ) 
4 270 272 (-4096 -7168 2975.600342 ) (-4096 -7168 -3287.590332 ) (-3072 -7168 -3287.590332 ) (-3072 -7168 2975.600342 ) 
4 271 282 (-2048 -8192 -3287.590332 ) (-2048 -8192 2975.600342 ) (-3072 -8192 2975.600342 ) (-3072 -8192 -3287.590332 ) 
4 271 272 (-3072 -7168 2975.600342 ) (-3072 -7168 -3287.590332 ) (-3072 -8192 -3287.590332 ) (-3072 -8192 2975.600342 ) 
4 272 283 (-3072 -8192 -3287.590332 ) (-3072 -8192 2975.600342 ) (-4096 -8192 2975.600342 ) (-4096 -8192 -3287.590332 ) 
4 272 277 (-4096 -8192 -3287.590332 ) (-4096 -8192 2975.600342 ) (-4096 -7168 2975.600342 ) (-4096 -7168 -3287.590332 ) 
4 273 276 (-4096 -6144 -3287.590332 ) (-4096 -6144 2975.600342 ) (-5120 -6144 2975.600342 ) (-5120 -6144 -3287.590332 ) 
4 273 274 (-5120 -5120 2975.600342 ) (-5120 -5120 -3287.590332 ) (-5120 -6144 -3287.590332 ) (-5120 -6144 2975.600342 ) 
4 274 278 (-5120 -6144 -3287.590332 ) (-5120 -6144 2975.600342 ) (-6144 -6144 2975.600342 ) (-6144 -6144 -3287.590332 ) 
4 274 275 (-6144 -6144 -3287.590332 ) (-6144 -6144 2975.600342 ) (-6144 -5120 2975.600342 ) (-6144 -5120 -3287.590332 ) 
4 275 344 (-7168 -6144 -3287.590332 ) (-7168 -6144 2975.600342 ) (-7168 -5120 2975.600342 ) (-7168 -5120 -3287.590332 ) 
4 275 279 (-6144 -6144 -3287.590332 ) (-6144 -6144 2975.600342 ) (-7168 -6144 2975.600342 ) (-7168 -6144 -3287.590332 ) 
4 276 278 (-5120 -6144 2975.600342 ) (-5120 -6144 -3287.590332 ) (-5120 -7168 -3287.590332 ) (-5120 -7168 2975.600342 ) 
4 276 277 (-4096 -7168 -3287.590332 ) (-4096 -7168 2975.600342 ) (-5120 -7168 2975.600342 ) (-5120 -7168 -3287.590332 ) 
4 277 284 (-4096 -8192 -3287.590332 ) (-4096 -8192 2975.600342 ) (-5120 -8192 2975.600342 ) (-5120 -8192 -3287.590332 ) 
4 277 280 (-5120 -8192 -3287.590332 ) (-5120 -8192 2975.600342 ) (-5120 -7168 2975.600342 ) (-5120 -7168 -3287.590332 ) 
4 278 280 (-5120 -7168 -3287.590332 ) (-5120 -7168 2975.600342 ) (-6144 -7168 2975.600342 ) (-6144 -7168 -3287.590332 ) 
4 278 279 (-6144 -6144 2975.600342 ) (-6144 -6144 -3287.590332 ) (-6144 -7168 -3287.590332 ) (-6144 -7168 2975.600342 ) 
4 279 346 (-7168 -7168 -3287.590332 ) (-7168 -7168 2975.600342 ) (-7168 -6144 2975.600342 ) (-7168 -6144 -3287.590332 ) 
4 279 281 (-6144 -7168 -3287.590332 ) (-6144 -7168 2975.600342 ) (-7168 -7168 2975.600342 ) (-7168 -7168 -3287.590332 ) 
4 280 285 (-5120 -8192 -3287.590332 ) (-5120 -8192 2975.600342 ) (-6144 -8192 2975.600342 ) (-6144 -8192 -3287.590332 ) 
4 280 281 (-6144 -7168 2975.600342 ) (-6144 -7168 -3287.590332 ) (-6144 -8192 -3287.590332 ) (-6144 -8192 2975.600342 ) 
4 281 348 (-7168 -8192 -3287.590332 ) (-7168 -8192 2975.600342 ) (-7168 -7168 2975.600342 ) (-7168 -7168 -3287.590332 ) 
4 281 286 (-6144 -8192 -3287.590332 ) (-6144 -8192 2975.600342 ) (-7168 -8192 2975.600342 ) (-7168 -8192 -3287.590332 ) 
4 282 283 (-3072 -8192 2975.600342 ) (-3072 -8192 -3287.590332 ) (-3072 -8757.201172 -3287.590332 ) (-3072 -8757.201172 2975.600342 ) 
4 283 284 (-4096 -8192 2975.600342 ) (-4096 -8192 -3287.590332 ) (-4096 -8757.201172 -3287.590332 ) (-4096 -8757.201172 2975.600342 ) 
4 284 285 (-5120 -8192 2975.600342 ) (-5120 -8192 -3287.590332 ) (-5120 -8757.201172 -3287.590332 ) (-5120 -8757.201172 2975.600342 ) 
4 285 286 (-6144 -8757.201172 2975.600342 ) (-6144 -8192 2975.600342 ) (-6144 -8192 -3287.590332 ) (-6144 -8757.201172 -3287.590332 ) 
4 286 359 (-7168 -8757.201172 2975.600342 ) (-7168 -8192 2975.600342 ) (-7168 -8192 -3287.590332 ) (-7168 -8757.201172 -3287.590332 ) 
4 287 289 (-7168 0 -3287.590332 ) (-7168 0 2975.600342 ) (-8192 0 2975.600342 ) (-8192 0 -3287.590332 ) 
4 287 288 (-8192 1024 2975.600342 ) (-8192 1024 -3287.590332 ) (-8192 0 -3287.590332 ) (-8192 0 2975.600342 ) 
4 288 293 (-9216 1024 2975.600342 ) (-9216 1024 -3287.590332 ) (-9216 0 -3287.590332 ) (-9216 0 2975.600342 ) 
4 288 290 (-8192 0 -3287.590332 ) (-8192 0 2975.600342 ) (-9216 0 2975.600342 ) (-9216 0 -3287.590332 ) 
4 289 291 (-7168 -1024 -3287.590332 ) (-7168 -1024 2975.600342 ) (-8192 -1024 2975.600342 ) (-8192 -1024 -3287.590332 ) 
4 289 290 (-8192 -1024 -3287.590332 ) (-8192 -1024 2975.600342 ) (-8192 0 2975.600342 ) (-8192 0 -3287.590332 ) 
4 290 296 (-9216 -1024 -3287.590332 ) (-9216 -1024 2975.600342 ) (-9216 0 2975.600342 ) (-9216 0 -3287.590332 ) 
4 290 292 (-9216 -1024 2975.600342 ) (-9216 -1024 -3287.590332 ) (-8192 -1024 -3287.590332 ) (-8192 -1024 2975.600342 ) 
4 291 302 (-7168 -2048 -3287.590332 ) (-7168 -2048 2975.600342 ) (-8192 -2048 2975.600342 ) (-8192 -2048 -3287.590332 ) 
4 291 292 (-8192 -1024 2975.600342 ) (-8192 -1024 -3287.590332 ) (-8192 -2048 -3287.590332 ) (-8192 -2048 2975.600342 ) 
4 292 303 (-8192 -2048 -3287.590332 ) (-8192 -2048 2975.600342 ) (-9216 -2048 2975.600342 ) (-9216 -2048 -3287.590332 ) 
4 292 297 (-9216 -2048 -3287.590332 ) (-9216 -2048 2975.600342 ) (-9216 -1024 2975.600342 ) (-9216 -1024 -3287.590332 ) 
4 293 296 (-9216 0 -3287.590332 ) (-9216 0 2975.600342 ) (-10240 0 2975.600342 ) (-10240 0 -3287.590332 ) 
4 293 294 (-10240 1024 2975.600342 ) (-10240 1024 -3287.590332 ) (-10240 0 -3287.590332 ) (-10240 0 2975.600342 ) 
4 294 298 (-10240 0 -3287.590332 ) (-10240 0 2975.600342 ) (-11264 0 2975.600342 ) (-11264 0 -3287.590332 ) 
4 294 295 (-11264 0 -3287.590332 ) (-11264 0 2975.600342 ) (-11264 1024 2975.600342 ) (-11264 1024 -3287.590332 ) 
4 295 320 (-12288 1024 2975.600342 ) (-12288 1024 -3287.590332 ) (-12288 0 -3287.590332 ) (-12288 0 2975.600342 ) 
4 295 299 (-11264 0 -3287.590332 ) (-11264 0 2975.600342 ) (-12288 0 2975.600342 ) (-12288 0 -3287.590332 ) 
4 296 298 (-10240 0 2975.600342 ) (-10240 0 -3287.590332 ) (-10240 -1024 -3287.590332 ) (-10240 -1024 2975.600342 ) 
4 296 297 (-9216 -1024 -3287.590332 ) (-9216 -1024 2975.600342 ) (-10240 -1024 2975.600342 ) (-10240 -1024 -3287.590332 ) 
4 297 308 (-9216 -2048 -3287.590332 ) (-9216 -2048 2975.600342 ) (-10240 -2048 2975.600342 ) (-10240 -2048 -3287.590332 ) 
4 297 300 (-10240 -2048 -3287.590332 ) (-10240 -2048 2975.600342 ) (-10240 -1024 2975.600342 ) (-10240 -1024 -3287.590332 ) 
4 298 300 (-10240 -1024 -3287.590332 ) (-10240 -1024 2975.600342 ) (-11264 -1024 2975.600342 ) (-11264 -1024 -3287.590332 ) 
4 298 299 (-11264 0 2975.600342 ) (-11264 0 -3287.590332 ) (-11264 -1024 -3287.590332 ) (-11264 -1024 2975.600342 ) 
4 299 322 (-12288 -1024 -3287.590332 ) (-12288 -1024 2975.600342 ) (-12288 0 2975.600342 ) (-12288 0 -3287.590332 ) 
4 299 301 (-11264 -1024 -3287.590332 ) (-11264 -1024 2975.600342 ) (-12288 -1024 2975.600342 ) (-12288 -1024 -3287.590332 ) 
4 300 309 (-10240 -2048 -3287.590332 ) (-10240 -2048 2975.600342 ) (-11264 -2048 2975.600342 ) (-11264 -2048 -3287.590332 ) 
4 300 301 (-11264 -1024 2975.600342 ) (-11264 -1024 -3287.590332 ) (-11264 -2048 -3287.590332 ) (-11264 -2048 2975.600342 ) 
4 301 324 (-12288 -2048 -3287.590332 ) (-12288 -2048 2975.600342 ) (-12288 -1024 2975.600342 ) (-12288 -1024 -3287.590332 ) 
4 301 313 (-11264 -2048 -3287.590332 ) (-11264 -2048 -1984 ) (-12288 -2048 -1984 ) (-12288 -2048 -3287.590332 ) 
4 301 312 (-11264 -2048 -1920 ) (-11264 -2048 -896 ) (-12288 -2048 -896 ) (-12288 -2048 -1920 ) 
4 301 310 (-11264 -2048 -384 ) (-11264 -2048 2975.600342 ) (-12288 -2048 2975.600342 ) (-12288 -2048 -384 ) 
4 302 304 (-7168 -3072 -3287.590332 ) (-7168 -3072 2975.600342 ) (-8192 -3072 2975.600342 ) (-8192 -3072 -3287.590332 ) 
4 302 303 (-8192 -2048 2975.600342 ) (-8192 -2048 -3287.590332 ) (-8192 -3072 -3287.590332 ) (-8192 -3072 2975.600342 ) 
4 303 308 (-9216 -2048 2975.600342 ) (-9216 -2048 -3287.590332 ) (-9216 -3072 -3287.590332 ) (-9216 -3072 2975.600342 ) 
4 303 305 (-8192 -3072 -3287.590332 ) (-8192 -3072 2975.600342 ) (-9216 -3072 2975.600342 ) (-9216 -3072 -3287.590332 ) 
4 304 306 (-7168 -4096 -3287.590332 ) (-7168 -4096 2975.600342 ) (-8192 -4096 2975.600342 ) (-8192 -4096 -3287.590332 ) 
4 304 305 (-8192 -4096 -3287.590332 ) (-8192 -4096 2975.600342 ) (-8192 -3072 2975.600342 ) (-8192 -3072 -3287.590332 ) 
4 305 314 (-9216 -4096 -3287.590332 ) (-9216 -4096 2975.600342 ) (-9216 -3072 2975.600342 ) (-9216 -3072 -3287.590332 ) 
4 305 307 (-9216 -4096 2975.600342 ) (-9216 -4096 -3287.590332 ) (-8192 -4096 -3287.590332 ) (-8192 -4096 2975.600342 ) 
4 306 344 (-7168 -5120 -3287.590332 ) (-7168 -5120 2975.600342 ) (-8192 -5120 2975.600342 ) (-8192 -5120 -3287.590332 ) 
4 306 307 (-8192 -4096 2975.600342 ) (-8192 -4096 -3287.590332 ) (-8192 -5120 -3287.590332 ) (-8192 -5120 2975.600342 ) 
4 307 345 (-8192 -5120 -3287.590332 ) (-8192 -5120 2975.600342 ) (-9216 -5120 2975.600342 ) (-9216 -5120 -3287.590332 ) 
4 307 315 (-9216 -5120 -3287.590332 ) (-9216 -5120 2975.600342 ) (-9216 -4096 2975.600342 ) (-9216 -4096 -3287.590332 ) 
4 308 314 (-9216 -3072 -3287.590332 ) (-9216 -3072 2975.600342 ) (-10240 -3072 2975.600342 ) (-10240 -3072 -3287.590332 ) 
4 308 309 (-10240 -2048 2975.600342 ) (-10240 -2048 -3287.590332 ) (-10240 -3072 -3287.590332 ) (-10240 -3072 2975.600342 ) 
4 309 316 (-10240 -3072 -3287.590332 ) (-10240 -3072 2975.600342 ) (-11264 -3072 2975.600342 ) (-11264 -3072 -3287.590332 ) 
4 309 313 (-11264 -3072 -3287.590332 ) (-11264 -3072 -1984 ) (-11264 -2048 -1984 ) (-11264 -2048 -3287.590332 ) 
4 309 312 (-11264 -3072 -1920 ) (-11264 -3072 -896 ) (-11264 -2048 -896 ) (-11264 -2048 -1920 ) 
4 309 310 (-11264 -3072 -384 ) (-11264 -3072 2975.600342 ) (-11264 -2048 2975.600342 ) (-11264 -2048 -384 ) 
4 310 332 (-12288 -3072 -384 ) (-12288 -3072 2975.600342 ) (-12288 -2048 2975.600342 ) (-12288 -2048 -384 ) 
4 310 317 (-11264 -3072 -384 ) (-11264 -3072 2975.600342 ) (-12288 -3072 2975.600342 ) (-12288 -3072 -384 ) 
32 310 311 (-12215 -2473 -384 ) (-12190 -2389.001709 -384 ) (-12148.015625 -2311.028809 -384 ) (-12093 -2243 -384 ) (-12025 -2188 -384 ) (-11947 -2146 -384 ) (-11863 -2121 -384 ) (-11776 -2112 -384 ) (-11689 -2121 -384 ) (-11605 -2146 -384 ) (-11527.005859 -2187.996582 -384 ) (-11458.997070 -2243.003662 -384 ) (-11403.996094 -2311.005127 -384 ) (-11362 -2388.996582 -384 ) (-11337 -2472.996582 -384 ) (-11328 -2560.003662 -384 ) (-11337 -2647.003174 -384 ) (-11362 -2730.998291 -384 ) (-11404 -2809 -384 ) (-11459 -2877 -384 ) (-11527.001953 -2932.001221 -384 ) (-11604.998047 -2974 -384 ) (-11689 -2999 -384 ) (-11776 -3008 -384 ) (-11863.001953 -2999 -384 ) (-11947 -2974 -384 ) (-12024.996094 -2932.002197 -384 ) (-12092.935547 -2877.061279 -384 ) (-12148.026367 -2808.949707 -384 ) (-12190 -2730.995850 -384 ) (-12215 -2647 -384 ) (-12224 -2559.998535 -384 ) 
32 311 312 (-12215 -2473 -896 ) (-12190 -2389.001709 -896 ) (-12148.015625 -2311.028809 -896 ) (-12093 -2243 -896 ) (-12025 -2188 -896 ) (-11947 -2146 -896 ) (-11863 -2121 -896 ) (-11776 -2112 -896 ) (-11689.001953 -2121 -896 ) (-11604.995117 -2146.001709 -896 ) (-11527.032227 -2187.981934 -896 ) (-11458.979492 -2243.024902 -896 ) (-11403.987305 -2311.015137 -896 ) (-11362.006836 -2388.978760 -896 ) (-11337 -2473 -896 ) (-11328 -2559.998047 -896 ) (-11337 -2647.006104 -896 ) (-11361.998047 -2730.997314 -896 ) (-11403.988281 -2808.978027 -896 ) (-11459.017578 -2877.014160 -896 ) (-11527.001953 -2932.001221 -896 ) (-11604.998047 -2974 -896 ) (-11689 -2999 -896 ) (-11776 -3008 -896 ) (-11863.001953 -2999 -896 ) (-11947 -2974 -896 ) (-12024.997070 -2932.002197 -896 ) (-12092.953125 -2877.047852 -896 ) (-12148.013672 -2808.972900 -896 ) (-12190 -2730.995850 -896 ) (-12215 -2647 -896 ) (-12224 -2559.998535 -896 ) 
4 312 332 (-12288 -3072 -1920 ) (-12288 -3072 -896 ) (-12288 -2048 -896 ) (-12288 -2048 -1920 ) 
4 312 317 (-11264 -3072 -1920 ) (-11264 -3072 -896 ) (-12288 -3072 -896 ) (-12288 -3072 -1920 ) 
4 313 332 (-12288 -3072 -3287.590332 ) (-12288 -3072 -1984 ) (-12288 -2048 -1984 ) (-12288 -2048 -3287.590332 ) 
4 313 317 (-11264 -3072 -3287.590332 ) (-11264 -3072 -1984 ) (-12288 -3072 -1984 ) (-12288 -3072 -3287.590332 ) 
4 314 316 (-10240 -3072 2975.600342 ) (-10240 -3072 -3287.590332 ) (-10240 -4096 -3287.590332 ) (-10240 -4096 2975.600342 ) 
4 314 315 (-9216 -4096 -3287.590332 ) (-9216 -4096 2975.600342 ) (-10240 -4096 2975.600342 ) (-10240 -4096 -3287.590332 ) 
4 315 350 (-9216 -5120 -3287.590332 ) (-9216 -5120 2975.600342 ) (-10240 -5120 2975.600342 ) (-10240 -5120 -3287.590332 ) 
4 315 318 (-10240 -5120 -3287.590332 ) (-10240 -5120 2975.600342 ) (-10240 -4096 2975.600342 ) (-10240 -4096 -3287.590332 ) 
4 316 318 (-10240 -4096 -3287.590332 ) (-10240 -4096 2975.600342 ) (-11264 -4096 2975.600342 ) (-11264 -4096 -3287.590332 ) 
4 316 317 (-11264 -3072 2975.600342 ) (-11264 -3072 -3287.590332 ) (-11264 -4096 -3287.590332 ) (-11264 -4096 2975.600342 ) 
4 317 334 (-12288 -4096 -3287.590332 ) (-12288 -4096 2975.600342 ) (-12288 -3072 2975.600342 ) (-12288 -3072 -3287.590332 ) 
4 317 319 (-11264 -4096 -3287.590332 ) (-11264 -4096 2975.600342 ) (-12288 -4096 2975.600342 ) (-12288 -4096 -3287.590332 ) 
4 318 351 (-10240 -5120 -3287.590332 ) (-10240 -5120 2975.600342 ) (-11264 -5120 2975.600342 ) (-11264 -5120 -3287.590332 ) 
4 318 319 (-11264 -4096 2975.600342 ) (-11264 -4096 -3287.590332 ) (-11264 -5120 -3287.590332 ) (-11264 -5120 2975.600342 ) 
4 319 352 (-11264 -5120 -3287.590332 ) (-11264 -5120 2975.600342 ) (-12288 -5120 2975.600342 ) (-12288 -5120 -3287.590332 ) 
4 319 336 (-12288 -5120 -3287.590332 ) (-12288 -5120 2975.600342 ) (-12288 -4096 2975.600342 ) (-12288 -4096 -3287.590332 ) 
4 320 322 (-12288 0 -3287.590332 ) (-12288 0 2975.600342 ) (-13312 0 2975.600342 ) (-13312 0 -3287.590332 ) 
4 320 321 (-13312 1024 2975.600342 ) (-13312 1024 -3287.590332 ) (-13312 0 -3287.590332 ) (-13312 0 2975.600342 ) 
4 321 326 (-14336 1024 2975.600342 ) (-14336 1024 -3287.590332 ) (-14336 0 -3287.590332 ) (-14336 0 2975.600342 ) 
4 321 323 (-13312 0 -3287.590332 ) (-13312 0 2975.600342 ) (-14336 0 2975.600342 ) (-14336 0 -3287.590332 ) 
4 322 324 (-12288 -1024 -3287.590332 ) (-12288 -1024 2975.600342 ) (-13312 -1024 2975.600342 ) (-13312 -1024 -3287.590332 ) 
4 322 323 (-13312 -1024 -3287.590332 ) (-13312 -1024 2975.600342 ) (-13312 0 2975.600342 ) (-13312 0 -3287.590332 ) 
4 323 328 (-14336 -1024 -3287.590332 ) (-14336 -1024 2975.600342 ) (-14336 0 2975.600342 ) (-14336 0 -3287.590332 ) 
4 323 325 (-14336 -1024 2975.600342 ) (-14336 -1024 -3287.590332 ) (-13312 -1024 -3287.590332 ) (-13312 -1024 2975.600342 ) 
4 324 332 (-12288 -2048 -3287.590332 ) (-12288 -2048 2975.600342 ) (-13312 -2048 2975.600342 ) (-13312 -2048 -3287.590332 ) 
4 324 325 (-13312 -1024 2975.600342 ) (-13312 -1024 -3287.590332 ) (-13312 -2048 -3287.590332 ) (-13312 -2048 2975.600342 ) 
4 325 333 (-13312 -2048 -3287.590332 ) (-13312 -2048 2975.600342 ) (-14336 -2048 2975.600342 ) (-14336 -2048 -3287.590332 ) 
4 325 329 (-14336 -2048 -3287.590332 ) (-14336 -2048 2975.600342 ) (-14336 -1024 2975.600342 ) (-14336 -1024 -3287.590332 ) 
4 326 328 (-14336 0 -3287.590332 ) (-14336 0 2975.600342 ) (-15360 0 2975.600342 ) (-15360 0 -3287.590332 ) 
4 326 327 (-15360 1024 2975.600342 ) (-15360 1024 -3287.590332 ) (-15360 0 -3287.590332 ) (-15360 0 2975.600342 ) 
4 327 330 (-15360 0 -3287.590332 ) (-15360 0 2975.600342 ) (-15510.500000 0 2975.600342 ) (-15510.500000 0 -3287.590332 ) 
4 328 330 (-15360 0 2975.600342 ) (-15360 0 -3287.590332 ) (-15360 -1024 -3287.590332 ) (-15360 -1024 2975.600342 ) 
4 328 329 (-14336 -1024 -3287.590332 ) (-14336 -1024 2975.600342 ) (-15360 -1024 2975.600342 ) (-15360 -1024 -3287.590332 ) 
4 329 338 (-14336 -2048 -3287.590332 ) (-14336 -2048 2975.600342 ) (-15360 -2048 2975.600342 ) (-15360 -2048 -3287.590332 ) 
4 329 331 (-15360 -2048 -3287.590332 ) (-15360 -2048 2975.600342 ) (-15360 -1024 2975.600342 ) (-15360 -1024 -3287.590332 ) 
4 330 331 (-15360 -1024 -3287.590332 ) (-15360 -1024 2975.600342 ) (-15510.500000 -1024 2975.600342 ) (-15510.500000 -1024 -3287.590332 ) 
4 331 339 (-15360 -2048 -3287.590332 ) (-15360 -2048 2975.600342 ) (-15510.500000 -2048 2975.600342 ) (-15510.500000 -2048 -3287.590332 ) 
4 332 334 (-12288 -3072 -3287.590332 ) (-12288 -3072 2975.600342 ) (-13312 -3072 2975.600342 ) (-13312 -3072 -3287.590332 ) 
4 332 333 (-13312 -2048 2975.600342 ) (-13312 -2048 -3287.590332 ) (-13312 -3072 -3287.590332 ) (-13312 -3072 2975.600342 ) 
4 333 338 (-14336 -2048 2975.600342 ) (-14336 -2048 -3287.590332 ) (-14336 -3072 -3287.590332 ) (-14336 -3072 2975.600342 ) 
4 333 335 (-13312 -3072 -3287.590332 ) (-13312 -3072 2975.600342 ) (-14336 -3072 2975.600342 ) (-14336 -3072 -3287.590332 ) 
4 334 336 (-12288 -4096 -3287.590332 ) (-12288 -4096 2975.600342 ) (-13312 -4096 2975.600342 ) (-13312 -4096 -3287.590332 ) 
4 334 335 (-13312 -4096 -3287.590332 ) (-13312 -4096 2975.600342 ) (-13312 -3072 2975.600342 ) (-13312 -3072 -3287.590332 ) 
4 335 340 (-14336 -4096 -3287.590332 ) (-14336 -4096 2975.600342 ) (-14336 -3072 2975.600342 ) (-14336 -3072 -3287.590332 ) 
4 335 337 (-14336 -4096 2975.600342 ) (-14336 -4096 -3287.590332 ) (-13312 -4096 -3287.590332 ) (-13312 -4096 2975.600342 ) 
4 336 364 (-12288 -5120 -3287.590332 ) (-12288 -5120 2975.600342 ) (-13312 -5120 2975.600342 ) (-13312 -5120 -3287.590332 ) 
4 336 337 (-13312 -4096 2975.600342 ) (-13312 -4096 -3287.590332 ) (-13312 -5120 -3287.590332 ) (-13312 -5120 2975.600342 ) 
4 337 365 (-13312 -5120 -3287.590332 ) (-13312 -5120 2975.600342 ) (-14336 -5120 2975.600342 ) (-14336 -5120 -3287.590332 ) 
4 337 341 (-14336 -5120 -3287.590332 ) (-14336 -5120 2975.600342 ) (-14336 -4096 2975.600342 ) (-14336 -4096 -3287.590332 ) 
4 338 340 (-14336 -3072 -3287.590332 ) (-14336 -3072 2975.600342 ) (-15360 -3072 2975.600342 ) (-15360 -3072 -3287.590332 ) 
4 338 339 (-15360 -2048 2975.600342 ) (-15360 -2048 -3287.590332 ) (-15360 -3072 -3287.590332 ) (-15360 -3072 2975.600342 ) 
4 339 342 (-15360 -3072 -3287.590332 ) (-15360 -3072 2975.600342 ) (-15510.500000 -3072 2975.600342 ) (-15510.500000 -3072 -3287.590332 ) 
4 340 342 (-15360 -3072 2975.600342 ) (-15360 -3072 -3287.590332 ) (-15360 -4096 -3287.590332 ) (-15360 -4096 2975.600342 ) 
4 340 341 (-14336 -4096 -3287.590332 ) (-14336 -4096 2975.600342 ) (-15360 -4096 2975.600342 ) (-15360 -4096 -3287.590332 ) 
4 341 370 (-14336 -5120 -3287.590332 ) (-14336 -5120 2975.600342 ) (-15360 -5120 2975.600342 ) (-15360 -5120 -3287.590332 ) 
4 341 343 (-15360 -5120 -3287.590332 ) (-15360 -5120 2975.600342 ) (-15360 -4096 2975.600342 ) (-15360 -4096 -3287.590332 ) 
4 342 343 (-15360 -4096 -3287.590332 ) (-15360 -4096 2975.600342 ) (-15510.500000 -4096 2975.600342 ) (-15510.500000 -4096 -3287.590332 ) 
4 343 371 (-15360 -5120 -3287.590332 ) (-15360 -5120 2975.600342 ) (-15510.500000 -5120 2975.600342 ) (-15510.500000 -5120 -3287.590332 ) 
4 344 346 (-7168 -6144 -3287.590332 ) (-7168 -6144 2975.600342 ) (-8192 -6144 2975.600342 ) (-8192 -6144 -3287.590332 ) 
4 344 345 (-8192 -5120 2975.600342 ) (-8192 -5120 -3287.590332 ) (-8192 -6144 -3287.590332 ) (-8192 -6144 2975.600342 ) 
4 345 350 (-9216 -5120 2975.600342 ) (-9216 -5120 -3287.590332 ) (-9216 -6144 -3287.590332 ) (-9216 -6144 2975.600342 ) 
4 345 347 (-8192 -6144 -3287.590332 ) (-8192 -6144 2975.600342 ) (-9216 -6144 2975.600342 ) (-9216 -6144 -3287.590332 ) 
4 346 348 (-7168 -7168 -3287.590332 ) (-7168 -7168 2975.600342 ) (-8192 -7168 2975.600342 ) (-8192 -7168 -3287.590332 ) 
4 346 347 (-8192 -7168 -3287.590332 ) (-8192 -7168 2975.600342 ) (-8192 -6144 2975.600342 ) (-8192 -6144 -3287.590332 ) 
4 347 353 (-9216 -7168 -3287.590332 ) (-9216 -7168 2975.600342 ) (-9216 -6144 2975.600342 ) (-9216 -6144 -3287.590332 ) 
4 347 349 (-9216 -7168 2975.600342 ) (-9216 -7168 -3287.590332 ) (-8192 -7168 -3287.590332 ) (-8192 -7168 2975.600342 ) 
4 348 359 (-7168 -8192 -3287.590332 ) (-7168 -8192 2975.600342 ) (-8192 -8192 2975.600342 ) (-8192 -8192 -3287.590332 ) 
4 348 349 (-8192 -7168 2975.600342 ) (-8192 -7168 -3287.590332 ) (-8192 -8192 -3287.590332 ) (-8192 -8192 2975.600342 ) 
4 349 360 (-8192 -8192 -3287.590332 ) (-8192 -8192 2975.600342 ) (-9216 -8192 2975.600342 ) (-9216 -8192 -3287.590332 ) 
4 349 354 (-9216 -8192 -3287.590332 ) (-9216 -8192 2975.600342 ) (-9216 -7168 2975.600342 ) (-9216 -7168 -3287.590332 ) 
4 350 353 (-9216 -6144 -3287.590332 ) (-9216 -6144 2975.600342 ) (-10240 -6144 2975.600342 ) (-10240 -6144 -3287.590332 ) 
4 350 351 (-10240 -5120 2975.600342 ) (-10240 -5120 -3287.590332 ) (-10240 -6144 -3287.590332 ) (-10240 -6144 2975.600342 ) 
4 351 355 (-10240 -6144 -3287.590332 ) (-10240 -6144 2975.600342 ) (-11264 -6144 2975.600342 ) (-11264 -6144 -3287.590332 ) 
4 351 352 (-11264 -6144 -3287.590332 ) (-11264 -6144 2975.600342 ) (-11264 -5120 2975.600342 ) (-11264 -5120 -3287.590332 ) 
4 352 364 (-12288 -5120 2975.600342 ) (-12288 -5120 -3287.590332 ) (-12288 -6144 -3287.590332 ) (-12288 -6144 2975.600342 ) 
4 352 356 (-11264 -6144 -3287.590332 ) (-11264 -6144 2975.600342 ) (-12288 -6144 2975.600342 ) (-12288 -6144 -3287.590332 ) 
4 353 355 (-10240 -6144 2975.600342 ) (-10240 -6144 -3287.590332 ) (-10240 -7168 -3287.590332 ) (-10240 -7168 2975.600342 ) 
4 353 354 (-9216 -7168 -3287.590332 ) (-9216 -7168 2975.600342 ) (-10240 -7168 2975.600342 ) (-10240 -7168 -3287.590332 ) 
4 354 361 (-9216 -8192 -3287.590332 ) (-9216 -8192 2975.600342 ) (-10240 -8192 2975.600342 ) (-10240 -8192 -3287.590332 ) 
4 354 357 (-10240 -8192 -3287.590332 ) (-10240 -8192 2975.600342 ) (-10240 -7168 2975.600342 ) (-10240 -7168 -3287.590332 ) 
4 355 357 (-10240 -7168 -3287.590332 ) (-10240 -7168 2975.600342 ) (-11264 -7168 2975.600342 ) (-11264 -7168 -3287.590332 ) 
4 355 356 (-11264 -6144 2975.600342 ) (-11264 -6144 -3287.590332 ) (-11264 -7168 -3287.590332 ) (-11264 -7168 2975.600342 ) 
4 356 366 (-12288 -7168 -3287.590332 ) (-12288 -7168 2975.600342 ) (-12288 -6144 2975.600342 ) (-12288 -6144 -3287.590332 ) 
4 356 358 (-11264 -7168 -3287.590332 ) (-11264 -7168 2975.600342 ) (-12288 -7168 2975.600342 ) (-12288 -7168 -3287.590332 ) 
4 357 362 (-10240 -8192 -3287.590332 ) (-10240 -8192 2975.600342 ) (-11264 -8192 2975.600342 ) (-11264 -8192 -3287.590332 ) 
4 357 358 (-11264 -7168 2975.600342 ) (-11264 -7168 -3287.590332 ) (-11264 -8192 -3287.590332 ) (-11264 -8192 2975.600342 ) 
4 358 368 (-12288 -8192 -3287.590332 ) (-12288 -8192 2975.600342 ) (-12288 -7168 2975.600342 ) (-12288 -7168 -3287.590332 ) 
4 358 363 (-11264 -8192 -3287.590332 ) (-11264 -8192 2975.600342 ) (-12288 -8192 2975.600342 ) (-12288 -8192 -3287.590332 ) 
4 359 360 (-8192 -8192 2975.600342 ) (-8192 -8192 -3287.590332 ) (-8192 -8757.201172 -3287.590332 ) (-8192 -8757.201172 2975.600342 ) 
4 360 361 (-9216 -8192 2975.600342 ) (-9216 -8192 -3287.590332 ) (-9216 -8757.201172 -3287.590332 ) (-9216 -8757.201172 2975.600342 ) 
4 361 362 (-10240 -8192 2975.600342 ) (-10240 -8192 -3287.590332 ) (-10240 -8757.201172 -3287.590332 ) (-10240 -8757.201172 2975.600342 ) 
4 362 363 (-11264 -8757.201172 2975.600342 ) (-11264 -8192 2975.600342 ) (-11264 -8192 -3287.590332 ) (-11264 -8757.201172 -3287.590332 ) 
4 363 376 (-12288 -8757.201172 2975.600342 ) (-12288 -8192 2975.600342 ) (-12288 -8192 -3287.590332 ) (-12288 -8757.201172 -3287.590332 ) 
4 364 366 (-12288 -6144 -3287.590332 ) (-12288 -6144 2975.600342 ) (-13312 -6144 2975.600342 ) (-13312 -6144 -3287.590332 ) 
4 364 365 (-13312 -5120 2975.600342 ) (-13312 -5120 -3287.590332 ) (-13312 -6144 -3287.590332 ) (-13312 -6144 2975.600342 ) 
4 365 370 (-14336 -5120 2975.600342 ) (-14336 -5120 -3287.590332 ) (-14336 -6144 -3287.590332 ) (-14336 -6144 2975.600342 ) 
4 365 367 (-13312 -6144 -3287.590332 ) (-13312 -6144 2975.600342 ) (-14336 -6144 2975.600342 ) (-14336 -6144 -3287.590332 ) 
4 366 368 (-12288 -7168 -3287.590332 ) (-12288 -7168 2975.600342 ) (-13312 -7168 2975.600342 ) (-13312 -7168 -3287.590332 ) 
4 366 367 (-13312 -7168 -3287.590332 ) (-13312 -7168 2975.600342 ) (-13312 -6144 2975.600342 ) (-13312 -6144 -3287.590332 ) 
4 367 372 (-14336 -7168 -3287.590332 ) (-14336 -7168 2975.600342 ) (-14336 -6144 2975.600342 ) (-14336 -6144 -3287.590332 ) 
4 367 369 (-14336 -7168 2975.600342 ) (-14336 -7168 -3287.590332 ) (-13312 -7168 -3287.590332 ) (-13312 -7168 2975.600342 ) 
4 368 376 (-12288 -8192 -3287.590332 ) (-12288 -8192 2975.600342 ) (-13312 -8192 2975.600342 ) (-13312 -8192 -3287.590332 ) 
4 368 369 (-13312 -7168 2975.600342 ) (-13312 -7168 -3287.590332 ) (-13312 -8192 -3287.590332 ) (-13312 -8192 2975.600342 ) 
4 369 377 (-13312 -8192 -3287.590332 ) (-13312 -8192 2975.600342 ) (-14336 -8192 2975.600342 ) (-14336 -8192 -3287.590332 ) 
4 369 373 (-14336 -8192 -3287.590332 ) (-14336 -8192 2975.600342 ) (-14336 -7168 2975.600342 ) (-14336 -7168 -3287.590332 ) 
4 370 372 (-14336 -6144 -3287.590332 ) (-14336 -6144 2975.600342 ) (-15360 -6144 2975.600342 ) (-15360 -6144 -3287.590332 ) 
4 370 371 (-15360 -5120 2975.600342 ) (-15360 -5120 -3287.590332 ) (-15360 -6144 -3287.590332 ) (-15360 -6144 2975.600342 ) 
4 371 374 (-15360 -6144 -3287.590332 ) (-15360 -6144 2975.600342 ) (-15510.500000 -6144 2975.600342 ) (-15510.500000 -6144 -3287.590332 ) 
4 372 374 (-15360 -6144 2975.600342 ) (-15360 -6144 -3287.590332 ) (-15360 -7168 -3287.590332 ) (-15360 -7168 2975.600342 ) 
4 372 373 (-14336 -7168 -3287.590332 ) (-14336 -7168 2975.600342 ) (-15360 -7168 2975.600342 ) (-15360 -7168 -3287.590332 ) 
4 373 378 (-14336 -8192 -3287.590332 ) (-14336 -8192 2975.600342 ) (-15360 -8192 2975.600342 ) (-15360 -8192 -3287.590332 ) 
4 373 375 (-15360 -8192 -3287.590332 ) (-15360 -8192 2975.600342 ) (-15360 -7168 2975.600342 ) (-15360 -7168 -3287.590332 ) 
4 374 375 (-15360 -7168 -3287.590332 ) (-15360 -7168 2975.600342 ) (-15510.500000 -7168 2975.600342 ) (-15510.500000 -7168 -3287.590332 ) 
4 375 379 (-15360 -8192 -3287.590332 ) (-15360 -8192 2975.600342 ) (-15510.500000 -8192 2975.600342 ) (-15510.500000 -8192 -3287.590332 ) 
4 376 377 (-13312 -8192 2975.600342 ) (-13312 -8192 -3287.590332 ) (-13312 -8757.201172 -3287.590332 ) (-13312 -8757.201172 2975.600342 ) 
4 377 378 (-14336 -8192 2975.600342 ) (-14336 -8192 -3287.590332 ) (-14336 -8757.201172 -3287.590332 ) (-14336 -8757.201172 2975.600342 ) 
4 378 379 (-15360 -8192 2975.600342 ) (-15360 -8192 -3287.590332 ) (-15360 -8757.201172 -3287.590332 ) (-15360 -8757.201172 2975.600342 ) 
