


materialPath: D:\Steam\steamapps\common\GarrysMod\garrysmod\materials
Loading C:\Users\Asdf\Desktop\gm_sewer_world\gm_sewer_world.vmf
KeyValues Error: RecursiveLoadFromBuffer:  got } in key in file materials/sewer world/lamp1.vmt
UnlitGeneric, 
KeyValues Error: RecursiveLoadFromBuffer:  got } in key in file materials/sewer world/lamp1.vmt
UnlitGeneric, 
ConVarRef mat_reduceparticles doesn't point to an existing ConVar
fixing up env_cubemap materials on brush sides...
KeyValues Error: RecursiveLoadFromBuffer:  got } in key in file materials/SEWER WORLD/LAMP1.vmt
UnlitGeneric, 
KeyValues Error: RecursiveLoadFromBuffer:  got } in key in file materials/SEWER WORLD/LAMP1.vmt
UnlitGeneric, 
KeyValues Error: RecursiveLoadFromBuffer:  got } in key in file materials/SEWER WORLD/LAMP1.vmt
UnlitGeneric, 
KeyValues Error: RecursiveLoadFromBuffer:  got } in key in file materials/SEWER WORLD/LAMP1.vmt
UnlitGeneric, 
0...1...2...3...4...5...6...7...8...9...100...1...2...3...4...5...6...7...8...9...10Processing areas...done (0)
Building Faces...done (0)
Chop Details...done (0)
Find Visible Detail Sides...
Merged 356 detail faces...done (0)
Merging details...done (0)
FixTjuncs...
PruneNodes...
WriteBSP...
done (0)
writing C:\Users\Asdf\Desktop\gm_sewer_world\gm_sewer_world.prt...Building visibility clusters...
done (0)
Creating default LDR cubemaps for env_cubemap using skybox materials:
   skybox/sky_borealis01*.vmt
 ! Run buildcubemaps in the engine to get the correct cube maps.
Creating default HDR cubemaps for env_cubemap using skybox materials:
   skybox/sky_borealis01*.vmt
 ! Run buildcubemaps in the engine to get the correct cube maps.
Finding displacement neighbors...
Finding lightmap sample positions...
Displacement Alpha : 0...1...2...3...4...5...6...7...8...9...10
Building Physics collision data...
WARNING: Map using power 4 displacements, terrain physics cannot be compressed, map will need additional memory and CPU.
done (0) (779172 bytes)
Error! prop_static using model "models/props_c17/oildrum001.mdl", which must be used on a dynamic entity (i.e. prop_physics). Deleted.
Error loading studio model STATIC "models/props_c17/oildrum001.mdl"!
Error! prop_static using model "models/props_wasteland/controlroom_filecabinet002a.mdl", which must be used on a dynamic entity (i.e. prop_physics). Deleted.
Error loading studio model STATIC "models/props_wasteland/controlroom_filecabinet002a.mdl"!
Placing detail props : 0...1...2...3...4...5...6...7...8...9...10
Water found with no water_lod_control entity, creating a default one.
Compacting texture/material tables...
Reduced 1299 texinfos to 722
Reduced 43 texdatas to 37 (1198 bytes to 986)
Writing C:\Users\Asdf\Desktop\gm_sewer_world\gm_sewer_world.bsp
0 seconds elapsed



6 threads
reading c:\users\asdf\desktop\gm_sewer_world\gm_sewer_world.bsp
reading c:\users\asdf\desktop\gm_sewer_world\gm_sewer_world.prt
 173 portalclusters
 796 numportals
0...1...2...3...4...5...6...7...8...9...100...1...2...3...4...5...6...7...8...9...10Optimized: 7 visible clusters (0.02%)
Total clusters visible: 28544
Average clusters visible: 164
Building PAS...
Average clusters audible: 173
visdatasize:9028  compressed from 8304
writing c:\users\asdf\desktop\gm_sewer_world\gm_sewer_world.bsp
16 seconds elapsed



[Reading texlights from 'lights.rad']
[45 texlights parsed from 'lights.rad']

Loading c:\users\asdf\desktop\gm_sewer_world\gm_sewer_world.bsp
PREP OK
3747 faces
5 degenerate faces
256730 square feet [36969232.00 square inches]
13 Displacements
1020 Square Feet [146914.47 Square Inches]
3742 patches before subdivision
253190 patches after subdivision
light has _fifty_percent_distance of 70.000000 but _zero_percent_distance of 24.000000
34 direct lights
0...1...2...3...4...5...6...7...8...9...100...1...2...3...4...5...6...7...8...9...10transfers 31162074, max 680
transfer lists: 237.7 megs
0...1...2...3...4...5...6...7...8...9...10	Bounce #1 added RGB(31577, 43364, 50124)
0...1...2...3...4...5...6...7...8...9...10	Bounce #2 added RGB(5276, 6724, 7120)
0...1...2...3...4...5...6...7...8...9...10	Bounce #3 added RGB(1167, 1405, 1493)
0...1...2...3...4...5...6...7...8...9...10	Bounce #4 added RGB(304, 351, 387)
0...1...2...3...4...5...6...7...8...9...10	Bounce #5 added RGB(89, 101, 113)
0...1...2...3...4...5...6...7...8...9...10	Bounce #6 added RGB(28, 31, 35)
0...1...2...3...4...5...6...7...8...9...10	Bounce #7 added RGB(9, 10, 11)
0...1...2...3...4...5...6...7...8...9...10	Bounce #8 added RGB(3, 3, 3)
0...1...2...3...4...5...6...7...8...9...10	Bounce #9 added RGB(1, 1, 1)
0...1...2...3...4...5...6...7...8...9...10	Bounce #10 added RGB(0, 0, 0)
Build Patch/Sample Hash Table(s).....Done<0.0367 sec>
0...1...2...3...4...5...6...7...8...9...10FinalLightFace Done
0 of 0 (0% of) surface lights went in leaf ambient cubes.
0...1...2...3...4...5...6...7...8...9...10Writing leaf ambient...done
Ready to Finish

Object names       Objects/Maxobjs  Memory / Maxmem  Fullness 
------------       ---------------  ---------------  -------- 
models                  12/4096          576/196608   ( 0.3%) 
brushes                576/16384        6912/196608   ( 3.5%) 
brushsides            4547/163840      36376/1310720  ( 2.8%) 
planes                5272/65536      105440/1310720  ( 8.0%) 
vertexes              6150/65536       73800/786432   ( 9.4%) 
nodes                  984/65536       31488/2097152  ( 1.5%) 
texinfos               722/12288       51984/884736   ( 5.9%) 
texdata                 37/2048         1184/65536    ( 1.8%) 
dispinfos               13/0            2288/0        ( 0.0%) 
disp_verts            2925/0           58500/0        ( 0.0%) 
disp_tris             5120/0           10240/0        ( 0.0%) 
disp_lmsamples      168576/0          168576/0        ( 0.0%) 
faces                 3747/65536      209832/3670016  ( 5.7%) 
hdr faces                0/65536           0/3670016  ( 0.0%) 
origfaces             1404/65536       78624/3670016  ( 2.1%) 
leaves                 997/65536       31904/2097152  ( 1.5%) 
leaffaces             5042/65536       10084/131072   ( 7.7%) 
leafbrushes           1458/65536        2916/131072   ( 2.2%) 
areas                    2/1024           16/8192     ( 0.2%) 
surfedges            23280/512000      93120/2048000  ( 4.5%) 
edges                14032/256000      56128/1024000  ( 5.5%) 
LDR worldlights         34/8192         2992/720896   ( 0.4%) 
HDR worldlights          0/8192            0/720896   ( 0.0%) 
leafwaterdata            1/32768          12/393216   ( 0.0%) 
waterstrips            316/32768        3160/327680   ( 1.0%) 
waterverts               0/65536           0/786432   ( 0.0%) 
waterindices          6678/65536       13356/131072   (10.2%) 
cubemapsamples           1/1024           16/16384    ( 0.1%) 
overlays                 0/1024            0/360448   ( 0.0%) 
LDR lightdata         [variable]     8767652/0        ( 0.0%) 
HDR lightdata         [variable]           0/0        ( 0.0%) 
visdata               [variable]        9028/16777216 ( 0.1%) 
entdata               [variable]       46074/393216   (11.7%) 
LDR ambient table      997/65536        3988/262144   ( 1.5%) 
HDR ambient table      997/65536        3988/262144   ( 1.5%) 
LDR leaf ambient      1269/65536       35532/1835008  ( 1.9%) 
HDR leaf ambient       997/65536       27916/1835008  ( 1.5%) 
occluders                0/0               0/0        ( 0.0%) 
occluder polygons        0/0               0/0        ( 0.0%) 
occluder vert ind        0/0               0/0        ( 0.0%) 
detail props          [variable]           1/12       ( 8.3%) 
static props          [variable]           1/6224     ( 0.0%) 
pakfile               [variable]      174982/0        ( 0.0%) 
physics               [variable]      779172/4194304  (18.6%) 
physics terrain       [variable]           0/1048576  ( 0.0%) 

Level flags = 0

Total triangle count: 10218
Writing c:\users\asdf\desktop\gm_sewer_world\gm_sewer_world.bsp
20 seconds elapsed



[Reading texlights from 'lights.rad']
[45 texlights parsed from 'lights.rad']

Loading c:\users\asdf\desktop\gm_sewer_world\gm_sewer_world.bsp
PREP OK
3747 faces
5 degenerate faces
256730 square feet [36969232.00 square inches]
13 Displacements
1020 Square Feet [146914.47 Square Inches]
3742 patches before subdivision
253190 patches after subdivision
light has _fifty_percent_distance of 70.000000 but _zero_percent_distance of 24.000000
34 direct lights
0...1...2...3...4...5...6...7...8...9...100...1...2...3...4...5...6...7...8...9...10transfers 31162074, max 680
transfer lists: 237.7 megs
0...1...2...3...4...5...6...7...8...9...10	Bounce #1 added RGB(31577, 43364, 50123)
0...1...2...3...4...5...6...7...8...9...10	Bounce #2 added RGB(5276, 6724, 7120)
0...1...2...3...4...5...6...7...8...9...10	Bounce #3 added RGB(1167, 1405, 1493)
0...1...2...3...4...5...6...7...8...9...10	Bounce #4 added RGB(304, 351, 387)
0...1...2...3...4...5...6...7...8...9...10	Bounce #5 added RGB(89, 101, 113)
0...1...2...3...4...5...6...7...8...9...10	Bounce #6 added RGB(28, 31, 35)
0...1...2...3...4...5...6...7...8...9...10	Bounce #7 added RGB(9, 10, 11)
0...1...2...3...4...5...6...7...8...9...10	Bounce #8 added RGB(3, 3, 3)
0...1...2...3...4...5...6...7...8...9...10	Bounce #9 added RGB(1, 1, 1)
0...1...2...3...4...5...6...7...8...9...10	Bounce #10 added RGB(0, 0, 0)
Build Patch/Sample Hash Table(s).....Done<0.0358 sec>
0...1...2...3...4...5...6...7...8...9...10FinalLightFace Done
0 of 0 (0% of) surface lights went in leaf ambient cubes.
0...1...2...3...4...5...6...7...8...9...10Writing leaf ambient...done
Ready to Finish

Object names       Objects/Maxobjs  Memory / Maxmem  Fullness 
------------       ---------------  ---------------  -------- 
models                  12/4096          576/196608   ( 0.3%) 
brushes                576/16384        6912/196608   ( 3.5%) 
brushsides            4547/163840      36376/1310720  ( 2.8%) 
planes                5272/65536      105440/1310720  ( 8.0%) 
vertexes              6150/65536       73800/786432   ( 9.4%) 
nodes                  984/65536       31488/2097152  ( 1.5%) 
texinfos               722/12288       51984/884736   ( 5.9%) 
texdata                 37/2048         1184/65536    ( 1.8%) 
dispinfos               13/0            2288/0        ( 0.0%) 
disp_verts            2925/0           58500/0        ( 0.0%) 
disp_tris             5120/0           10240/0        ( 0.0%) 
disp_lmsamples      168576/0          168576/0        ( 0.0%) 
faces                 3747/65536      209832/3670016  ( 5.7%) 
hdr faces             3747/65536      209832/3670016  ( 5.7%) 
origfaces             1404/65536       78624/3670016  ( 2.1%) 
leaves                 997/65536       31904/2097152  ( 1.5%) 
leaffaces             5042/65536       10084/131072   ( 7.7%) 
leafbrushes           1458/65536        2916/131072   ( 2.2%) 
areas                    2/1024           16/8192     ( 0.2%) 
surfedges            23280/512000      93120/2048000  ( 4.5%) 
edges                14032/256000      56128/1024000  ( 5.5%) 
LDR worldlights         34/8192         2992/720896   ( 0.4%) 
HDR worldlights         34/8192         2992/720896   ( 0.4%) 
leafwaterdata            1/32768          12/393216   ( 0.0%) 
waterstrips            316/32768        3160/327680   ( 1.0%) 
waterverts               0/65536           0/786432   ( 0.0%) 
waterindices          6678/65536       13356/131072   (10.2%) 
cubemapsamples           1/1024           16/16384    ( 0.1%) 
overlays                 0/1024            0/360448   ( 0.0%) 
LDR lightdata         [variable]     8767652/0        ( 0.0%) 
HDR lightdata         [variable]     8767652/0        ( 0.0%) 
visdata               [variable]        9028/16777216 ( 0.1%) 
entdata               [variable]       46074/393216   (11.7%) 
LDR ambient table      997/65536        3988/262144   ( 1.5%) 
HDR ambient table      997/65536        3988/262144   ( 1.5%) 
LDR leaf ambient      1269/65536       35532/1835008  ( 1.9%) 
HDR leaf ambient      1269/65536       35532/1835008  ( 1.9%) 
occluders                0/0               0/0        ( 0.0%) 
occluder polygons        0/0               0/0        ( 0.0%) 
occluder vert ind        0/0               0/0        ( 0.0%) 
detail props          [variable]           1/12       ( 8.3%) 
static props          [variable]           1/6224     ( 0.0%) 
pakfile               [variable]      174982/0        ( 0.0%) 
physics               [variable]      779172/4194304  (18.6%) 
physics terrain       [variable]           0/1048576  ( 0.0%) 

Level flags = 0

Total triangle count: 10218
Writing c:\users\asdf\desktop\gm_sewer_world\gm_sewer_world.bsp
20 seconds elapsed
